[2023-06-22 00:31:10 JST PlatoLog DEBUG] Start type checking of function '&&_29'
[2023-06-22 00:31:10 JST PlatoLog DEBUG] SubsCheck: ConT Bool_22 ≦ ConT Bool_22
[2023-06-22 00:31:10 JST PlatoLog DEBUG] SubsCheckRho: ConT Bool_22 ≦ ConT Bool_22
[2023-06-22 00:31:10 JST PlatoLog DEBUG] SubsCheckRho: ConT Bool_22 ≦ ConT Bool_22
[2023-06-22 00:31:10 JST PlatoLog DEBUG] SubsCheck: ConT Bool_22 ≦ ConT Bool_22
[2023-06-22 00:31:10 JST PlatoLog DEBUG] SubsCheckRho: ConT Bool_22 ≦ ConT Bool_22
[2023-06-22 00:31:10 JST PlatoLog DEBUG] SubsCheckRho: AllT [] ConT Bool_22 ≦ ConT Bool_22
[2023-06-22 00:31:10 JST PlatoLog DEBUG] SubsCheckRho: ConT Bool_22 ≦ ConT Bool_22
[2023-06-22 00:31:10 JST PlatoLog DEBUG] Start type checking of function '||_40'
[2023-06-22 00:31:10 JST PlatoLog DEBUG] SubsCheck: ConT Bool_22 ≦ ConT Bool_22
[2023-06-22 00:31:10 JST PlatoLog DEBUG] SubsCheckRho: ConT Bool_22 ≦ ConT Bool_22
[2023-06-22 00:31:10 JST PlatoLog DEBUG] SubsCheckRho: AllT [] ConT Bool_22 ≦ ConT Bool_22
[2023-06-22 00:31:10 JST PlatoLog DEBUG] SubsCheckRho: ConT Bool_22 ≦ ConT Bool_22
[2023-06-22 00:31:10 JST PlatoLog DEBUG] SubsCheck: ConT Bool_22 ≦ ConT Bool_22
[2023-06-22 00:31:10 JST PlatoLog DEBUG] SubsCheckRho: ConT Bool_22 ≦ ConT Bool_22
[2023-06-22 00:31:10 JST PlatoLog DEBUG] SubsCheckRho: ConT Bool_22 ≦ ConT Bool_22
[2023-06-22 00:31:10 JST PlatoLog DEBUG] Start type checking of function 'not_51'
[2023-06-22 00:31:10 JST PlatoLog DEBUG] SubsCheck: ConT Bool_22 ≦ ConT Bool_22
[2023-06-22 00:31:10 JST PlatoLog DEBUG] SubsCheckRho: ConT Bool_22 ≦ ConT Bool_22
[2023-06-22 00:31:10 JST PlatoLog DEBUG] SubsCheckRho: AllT [] ConT Bool_22 ≦ ConT Bool_22
[2023-06-22 00:31:10 JST PlatoLog DEBUG] SubsCheckRho: ConT Bool_22 ≦ ConT Bool_22
[2023-06-22 00:31:10 JST PlatoLog DEBUG] SubsCheck: ConT Bool_22 ≦ ConT Bool_22
[2023-06-22 00:31:10 JST PlatoLog DEBUG] SubsCheckRho: ConT Bool_22 ≦ ConT Bool_22
[2023-06-22 00:31:10 JST PlatoLog DEBUG] SubsCheckRho: AllT [] ConT Bool_22 ≦ ConT Bool_22
[2023-06-22 00:31:10 JST PlatoLog DEBUG] SubsCheckRho: ConT Bool_22 ≦ ConT Bool_22
[2023-06-22 00:31:10 JST PlatoLog DEBUG] Start type checking of function 'ifThenElse_60'
[2023-06-22 00:31:10 JST PlatoLog DEBUG] SubsCheck: ConT Bool_22 ≦ ConT Bool_22
[2023-06-22 00:31:10 JST PlatoLog DEBUG] SubsCheckRho: ConT Bool_22 ≦ ConT Bool_22
[2023-06-22 00:31:10 JST PlatoLog DEBUG] SubsCheckRho: VarT (SkolemTv {unTyVar = a_242}) ≦ VarT (SkolemTv {unTyVar = a_242})
[2023-06-22 00:31:10 JST PlatoLog DEBUG] SubsCheck: ConT Bool_22 ≦ ConT Bool_22
[2023-06-22 00:31:10 JST PlatoLog DEBUG] SubsCheckRho: ConT Bool_22 ≦ ConT Bool_22
[2023-06-22 00:31:10 JST PlatoLog DEBUG] SubsCheckRho: VarT (SkolemTv {unTyVar = a_242}) ≦ VarT (SkolemTv {unTyVar = a_242})
[2023-06-22 00:31:10 JST PlatoLog DEBUG] Start type checking of function '+_83'
[2023-06-22 00:31:10 JST PlatoLog DEBUG] SubsCheck: ConT Nat_74 ≦ ConT Nat_74
[2023-06-22 00:31:10 JST PlatoLog DEBUG] SubsCheckRho: ConT Nat_74 ≦ ConT Nat_74
[2023-06-22 00:31:10 JST PlatoLog DEBUG] SubsCheckRho: ConT Nat_74 ≦ ConT Nat_74
[2023-06-22 00:31:10 JST PlatoLog DEBUG] SubsCheck: ConT Nat_74 ≦ ConT Nat_74
[2023-06-22 00:31:10 JST PlatoLog DEBUG] SubsCheckRho: ConT Nat_74 ≦ ConT Nat_74
[2023-06-22 00:31:10 JST PlatoLog DEBUG] SubsCheckRho: ConT Nat_74 ≦ ConT Nat_74
[2023-06-22 00:31:10 JST PlatoLog DEBUG] SubsCheckRho: ConT Nat_74 ≦ ConT Nat_74
[2023-06-22 00:31:10 JST PlatoLog DEBUG] SubsCheckRho: ConT Nat_74 ≦ ConT Nat_74
[2023-06-22 00:31:10 JST PlatoLog DEBUG] SubsCheckRho: ConT Nat_74 ≦ ConT Nat_74
[2023-06-22 00:31:10 JST PlatoLog DEBUG] Start type checking of function '-_99'
[2023-06-22 00:31:10 JST PlatoLog DEBUG] SubsCheck: ConT Nat_74 ≦ ConT Nat_74
[2023-06-22 00:31:10 JST PlatoLog DEBUG] SubsCheckRho: ConT Nat_74 ≦ ConT Nat_74
[2023-06-22 00:31:10 JST PlatoLog DEBUG] SubsCheckRho: AllT [] ConT Nat_74 ≦ ConT Nat_74
[2023-06-22 00:31:10 JST PlatoLog DEBUG] SubsCheckRho: ConT Nat_74 ≦ ConT Nat_74
[2023-06-22 00:31:10 JST PlatoLog DEBUG] SubsCheck: ConT Nat_74 ≦ ConT Nat_74
[2023-06-22 00:31:10 JST PlatoLog DEBUG] SubsCheckRho: ConT Nat_74 ≦ ConT Nat_74
[2023-06-22 00:31:10 JST PlatoLog DEBUG] SubsCheckRho: ConT Nat_74 ≦ ConT Nat_74
[2023-06-22 00:31:10 JST PlatoLog DEBUG] SubsCheck: ConT Nat_74 ≦ ConT Nat_74
[2023-06-22 00:31:10 JST PlatoLog DEBUG] SubsCheckRho: ConT Nat_74 ≦ ConT Nat_74
[2023-06-22 00:31:10 JST PlatoLog DEBUG] SubsCheck: ConT Nat_74 ≦ ConT Nat_74
[2023-06-22 00:31:10 JST PlatoLog DEBUG] SubsCheckRho: ConT Nat_74 ≦ ConT Nat_74
[2023-06-22 00:31:10 JST PlatoLog DEBUG] SubsCheckRho: ConT Nat_74 ≦ ConT Nat_74
[2023-06-22 00:31:10 JST PlatoLog DEBUG] SubsCheckRho: ConT Nat_74 ≦ ConT Nat_74
[2023-06-22 00:31:10 JST PlatoLog DEBUG] SubsCheckRho: ConT Nat_74 ≦ ConT Nat_74
[2023-06-22 00:31:10 JST PlatoLog DEBUG] Start type checking of function '*_119'
[2023-06-22 00:31:10 JST PlatoLog DEBUG] SubsCheck: ConT Nat_74 ≦ ConT Nat_74
[2023-06-22 00:31:10 JST PlatoLog DEBUG] SubsCheckRho: ConT Nat_74 ≦ ConT Nat_74
[2023-06-22 00:31:10 JST PlatoLog DEBUG] SubsCheckRho: AllT [] ConT Nat_74 ≦ ConT Nat_74
[2023-06-22 00:31:10 JST PlatoLog DEBUG] SubsCheckRho: ConT Nat_74 ≦ ConT Nat_74
[2023-06-22 00:31:10 JST PlatoLog DEBUG] SubsCheck: ConT Nat_74 ≦ ConT Nat_74
[2023-06-22 00:31:10 JST PlatoLog DEBUG] SubsCheckRho: ConT Nat_74 ≦ ConT Nat_74
[2023-06-22 00:31:10 JST PlatoLog DEBUG] SubsCheckRho: ConT Nat_74 ≦ ConT Nat_74
[2023-06-22 00:31:10 JST PlatoLog DEBUG] SubsCheckRho: ConT Nat_74 ≦ ConT Nat_74
[2023-06-22 00:31:10 JST PlatoLog DEBUG] SubsCheckRho: ConT Nat_74 ≦ ConT Nat_74
[2023-06-22 00:31:10 JST PlatoLog DEBUG] SubsCheckRho: ConT Nat_74 ≦ ConT Nat_74
[2023-06-22 00:31:10 JST PlatoLog DEBUG] SubsCheckRho: ConT Nat_74 ≦ ConT Nat_74
[2023-06-22 00:31:10 JST PlatoLog DEBUG] Start type checking of function '==_141'
[2023-06-22 00:31:10 JST PlatoLog DEBUG] SubsCheck: ConT Nat_74 ≦ ConT Nat_74
[2023-06-22 00:31:10 JST PlatoLog DEBUG] SubsCheckRho: ConT Nat_74 ≦ ConT Nat_74
[2023-06-22 00:31:10 JST PlatoLog DEBUG] SubsCheck: ConT Nat_74 ≦ ConT Nat_74
[2023-06-22 00:31:10 JST PlatoLog DEBUG] SubsCheckRho: ConT Nat_74 ≦ ConT Nat_74
[2023-06-22 00:31:10 JST PlatoLog DEBUG] SubsCheckRho: ConT Nat_74 ≦ ConT Nat_74
[2023-06-22 00:31:10 JST PlatoLog DEBUG] SubsCheckRho: ConT Nat_74 ≦ ConT Nat_74
[2023-06-22 00:31:10 JST PlatoLog DEBUG] SubsCheckRho: ConT Bool_22 ≦ ConT Bool_22
[2023-06-22 00:31:10 JST PlatoLog DEBUG] SubsCheck: ConT Nat_74 ≦ ConT Nat_74
[2023-06-22 00:31:10 JST PlatoLog DEBUG] SubsCheckRho: ConT Nat_74 ≦ ConT Nat_74
[2023-06-22 00:31:10 JST PlatoLog DEBUG] SubsCheck: ConT Nat_74 ≦ ConT Nat_74
[2023-06-22 00:31:10 JST PlatoLog DEBUG] SubsCheckRho: ConT Nat_74 ≦ ConT Nat_74
[2023-06-22 00:31:10 JST PlatoLog DEBUG] SubsCheckRho: AllT [] ConT Bool_22 ≦ ConT Bool_22
[2023-06-22 00:31:10 JST PlatoLog DEBUG] SubsCheckRho: ConT Bool_22 ≦ ConT Bool_22
[2023-06-22 00:31:10 JST PlatoLog DEBUG] SubsCheck: ConT Nat_74 ≦ ConT Nat_74
[2023-06-22 00:31:10 JST PlatoLog DEBUG] SubsCheckRho: ConT Nat_74 ≦ ConT Nat_74
[2023-06-22 00:31:10 JST PlatoLog DEBUG] SubsCheck: ConT Nat_74 ≦ ConT Nat_74
[2023-06-22 00:31:10 JST PlatoLog DEBUG] SubsCheckRho: ConT Nat_74 ≦ ConT Nat_74
[2023-06-22 00:31:10 JST PlatoLog DEBUG] SubsCheckRho: AllT [] ConT Bool_22 ≦ ConT Bool_22
[2023-06-22 00:31:10 JST PlatoLog DEBUG] SubsCheckRho: ConT Bool_22 ≦ ConT Bool_22
[2023-06-22 00:31:10 JST PlatoLog DEBUG] SubsCheck: ConT Nat_74 ≦ ConT Nat_74
[2023-06-22 00:31:10 JST PlatoLog DEBUG] SubsCheckRho: ConT Nat_74 ≦ ConT Nat_74
[2023-06-22 00:31:10 JST PlatoLog DEBUG] SubsCheck: ConT Nat_74 ≦ ConT Nat_74
[2023-06-22 00:31:10 JST PlatoLog DEBUG] SubsCheckRho: ConT Nat_74 ≦ ConT Nat_74
[2023-06-22 00:31:10 JST PlatoLog DEBUG] SubsCheckRho: AllT [] ConT Bool_22 ≦ ConT Bool_22
[2023-06-22 00:31:10 JST PlatoLog DEBUG] SubsCheckRho: ConT Bool_22 ≦ ConT Bool_22
[2023-06-22 00:31:10 JST PlatoLog DEBUG] Start type checking of function '<_165'
[2023-06-22 00:31:10 JST PlatoLog DEBUG] SubsCheck: ConT Nat_74 ≦ ConT Nat_74
[2023-06-22 00:31:10 JST PlatoLog DEBUG] SubsCheckRho: ConT Nat_74 ≦ ConT Nat_74
[2023-06-22 00:31:10 JST PlatoLog DEBUG] SubsCheck: ConT Nat_74 ≦ ConT Nat_74
[2023-06-22 00:31:10 JST PlatoLog DEBUG] SubsCheckRho: ConT Nat_74 ≦ ConT Nat_74
[2023-06-22 00:31:10 JST PlatoLog DEBUG] SubsCheckRho: ConT Nat_74 ≦ ConT Nat_74
[2023-06-22 00:31:10 JST PlatoLog DEBUG] SubsCheckRho: ConT Nat_74 ≦ ConT Nat_74
[2023-06-22 00:31:10 JST PlatoLog DEBUG] SubsCheckRho: ConT Bool_22 ≦ ConT Bool_22
[2023-06-22 00:31:10 JST PlatoLog DEBUG] SubsCheck: ConT Nat_74 ≦ ConT Nat_74
[2023-06-22 00:31:10 JST PlatoLog DEBUG] SubsCheckRho: ConT Nat_74 ≦ ConT Nat_74
[2023-06-22 00:31:10 JST PlatoLog DEBUG] SubsCheck: ConT Nat_74 ≦ ConT Nat_74
[2023-06-22 00:31:10 JST PlatoLog DEBUG] SubsCheckRho: ConT Nat_74 ≦ ConT Nat_74
[2023-06-22 00:31:10 JST PlatoLog DEBUG] SubsCheckRho: AllT [] ConT Bool_22 ≦ ConT Bool_22
[2023-06-22 00:31:10 JST PlatoLog DEBUG] SubsCheckRho: ConT Bool_22 ≦ ConT Bool_22
[2023-06-22 00:31:10 JST PlatoLog DEBUG] SubsCheck: ConT Nat_74 ≦ ConT Nat_74
[2023-06-22 00:31:10 JST PlatoLog DEBUG] SubsCheckRho: ConT Nat_74 ≦ ConT Nat_74
[2023-06-22 00:31:10 JST PlatoLog DEBUG] SubsCheckRho: AllT [] ConT Bool_22 ≦ ConT Bool_22
[2023-06-22 00:31:10 JST PlatoLog DEBUG] SubsCheckRho: ConT Bool_22 ≦ ConT Bool_22
[2023-06-22 00:31:10 JST PlatoLog DEBUG] Start type checking of function '<=_184'
[2023-06-22 00:31:10 JST PlatoLog DEBUG] SubsCheck: ConT Nat_74 ≦ ConT Nat_74
[2023-06-22 00:31:10 JST PlatoLog DEBUG] SubsCheckRho: ConT Nat_74 ≦ ConT Nat_74
[2023-06-22 00:31:10 JST PlatoLog DEBUG] SubsCheckRho: ConT Nat_74 ≦ ConT Nat_74
[2023-06-22 00:31:10 JST PlatoLog DEBUG] SubsCheckRho: ConT Nat_74 ≦ ConT Nat_74
[2023-06-22 00:31:10 JST PlatoLog DEBUG] SubsCheckRho: ConT Bool_22 ≦ ConT Bool_22
[2023-06-22 00:31:10 JST PlatoLog DEBUG] SubsCheck: ConT Nat_74 ≦ ConT Nat_74
[2023-06-22 00:31:10 JST PlatoLog DEBUG] SubsCheckRho: ConT Nat_74 ≦ ConT Nat_74
[2023-06-22 00:31:10 JST PlatoLog DEBUG] SubsCheckRho: AllT [] ConT Bool_22 ≦ ConT Bool_22
[2023-06-22 00:31:10 JST PlatoLog DEBUG] SubsCheckRho: ConT Bool_22 ≦ ConT Bool_22
[2023-06-22 00:31:10 JST PlatoLog DEBUG] Start type checking of function '>_199'
[2023-06-22 00:31:10 JST PlatoLog DEBUG] SubsCheck: ConT Nat_74 ≦ ConT Nat_74
[2023-06-22 00:31:10 JST PlatoLog DEBUG] SubsCheckRho: ConT Nat_74 ≦ ConT Nat_74
[2023-06-22 00:31:10 JST PlatoLog DEBUG] SubsCheck: ConT Nat_74 ≦ ConT Nat_74
[2023-06-22 00:31:10 JST PlatoLog DEBUG] SubsCheckRho: ConT Nat_74 ≦ ConT Nat_74
[2023-06-22 00:31:10 JST PlatoLog DEBUG] SubsCheckRho: ConT Nat_74 ≦ ConT Nat_74
[2023-06-22 00:31:10 JST PlatoLog DEBUG] SubsCheckRho: ConT Nat_74 ≦ ConT Nat_74
[2023-06-22 00:31:10 JST PlatoLog DEBUG] SubsCheckRho: ConT Bool_22 ≦ ConT Bool_22
[2023-06-22 00:31:10 JST PlatoLog DEBUG] SubsCheck: ConT Nat_74 ≦ ConT Nat_74
[2023-06-22 00:31:10 JST PlatoLog DEBUG] SubsCheckRho: ConT Nat_74 ≦ ConT Nat_74
[2023-06-22 00:31:10 JST PlatoLog DEBUG] SubsCheck: ConT Nat_74 ≦ ConT Nat_74
[2023-06-22 00:31:10 JST PlatoLog DEBUG] SubsCheckRho: ConT Nat_74 ≦ ConT Nat_74
[2023-06-22 00:31:10 JST PlatoLog DEBUG] SubsCheckRho: AllT [] ConT Bool_22 ≦ ConT Bool_22
[2023-06-22 00:31:10 JST PlatoLog DEBUG] SubsCheckRho: ConT Bool_22 ≦ ConT Bool_22
[2023-06-22 00:31:10 JST PlatoLog DEBUG] SubsCheck: ConT Nat_74 ≦ ConT Nat_74
[2023-06-22 00:31:10 JST PlatoLog DEBUG] SubsCheckRho: ConT Nat_74 ≦ ConT Nat_74
[2023-06-22 00:31:10 JST PlatoLog DEBUG] SubsCheckRho: AllT [] ConT Bool_22 ≦ ConT Bool_22
[2023-06-22 00:31:10 JST PlatoLog DEBUG] SubsCheckRho: ConT Bool_22 ≦ ConT Bool_22
[2023-06-22 00:31:10 JST PlatoLog DEBUG] Start type checking of function '>=_219'
[2023-06-22 00:31:10 JST PlatoLog DEBUG] SubsCheck: ConT Nat_74 ≦ ConT Nat_74
[2023-06-22 00:31:10 JST PlatoLog DEBUG] SubsCheckRho: ConT Nat_74 ≦ ConT Nat_74
[2023-06-22 00:31:10 JST PlatoLog DEBUG] SubsCheckRho: ConT Nat_74 ≦ ConT Nat_74
[2023-06-22 00:31:10 JST PlatoLog DEBUG] SubsCheckRho: ConT Nat_74 ≦ ConT Nat_74
[2023-06-22 00:31:10 JST PlatoLog DEBUG] SubsCheckRho: ConT Bool_22 ≦ ConT Bool_22
[2023-06-22 00:31:10 JST PlatoLog DEBUG] SubsCheck: ConT Nat_74 ≦ ConT Nat_74
[2023-06-22 00:31:10 JST PlatoLog DEBUG] SubsCheckRho: ConT Nat_74 ≦ ConT Nat_74
[2023-06-22 00:31:10 JST PlatoLog DEBUG] SubsCheckRho: AllT [] ConT Bool_22 ≦ ConT Bool_22
[2023-06-22 00:31:10 JST PlatoLog DEBUG] SubsCheckRho: ConT Bool_22 ≦ ConT Bool_22
[2023-06-22 00:31:10 JST PlatoLog DEBUG] Start type checking of function 'iseven_0'
[2023-06-22 00:31:10 JST PlatoLog DEBUG] SubsCheck: ConT Nat_74 ≦ ConT Nat_74
[2023-06-22 00:31:10 JST PlatoLog DEBUG] SubsCheckRho: ConT Nat_74 ≦ ConT Nat_74
[2023-06-22 00:31:10 JST PlatoLog DEBUG] SubsCheckRho: AllT [] ConT Bool_22 ≦ ConT Bool_22
[2023-06-22 00:31:10 JST PlatoLog DEBUG] SubsCheckRho: ConT Bool_22 ≦ ConT Bool_22
[2023-06-22 00:31:10 JST PlatoLog DEBUG] SubsCheck: ConT Nat_74 ≦ ConT Nat_74
[2023-06-22 00:31:10 JST PlatoLog DEBUG] SubsCheckRho: ConT Nat_74 ≦ ConT Nat_74
[2023-06-22 00:31:10 JST PlatoLog DEBUG] SubsCheckRho: ConT Nat_74 ≦ ConT Nat_74
[2023-06-22 00:31:10 JST PlatoLog DEBUG] SubsCheckRho: ConT Bool_22 ≦ ConT Bool_22
[2023-06-22 00:31:10 JST PlatoLog DEBUG] Start type checking of function 'isodd_11'
[2023-06-22 00:31:10 JST PlatoLog DEBUG] SubsCheck: ConT Nat_74 ≦ ConT Nat_74
[2023-06-22 00:31:10 JST PlatoLog DEBUG] SubsCheckRho: ConT Nat_74 ≦ ConT Nat_74
[2023-06-22 00:31:10 JST PlatoLog DEBUG] SubsCheckRho: AllT [] ConT Bool_22 ≦ ConT Bool_22
[2023-06-22 00:31:10 JST PlatoLog DEBUG] SubsCheckRho: ConT Bool_22 ≦ ConT Bool_22
[2023-06-22 00:31:10 JST PlatoLog DEBUG] SubsCheck: ConT Nat_74 ≦ ConT Nat_74
[2023-06-22 00:31:10 JST PlatoLog DEBUG] SubsCheckRho: ConT Nat_74 ≦ ConT Nat_74
[2023-06-22 00:31:10 JST PlatoLog DEBUG] SubsCheckRho: ConT Nat_74 ≦ ConT Nat_74
[2023-06-22 00:31:10 JST PlatoLog DEBUG] SubsCheckRho: ConT Bool_22 ≦ ConT Bool_22
