[PlatoLog DEBUG] Start type checking of function '&&_235'
[PlatoLog DEBUG] SubsCheck: ConT Bool_228 ≦ ConT Bool_228
[PlatoLog DEBUG] SubsCheckRho: ConT Bool_228 ≦ ConT Bool_228
[PlatoLog DEBUG] tcRho: VarE y_241
[PlatoLog DEBUG] SubsCheckRho: ConT Bool_228 ≦ ConT Bool_228
[PlatoLog DEBUG] SubsCheck: ConT Bool_228 ≦ ConT Bool_228
[PlatoLog DEBUG] SubsCheckRho: ConT Bool_228 ≦ ConT Bool_228
[PlatoLog DEBUG] tcRho: VarE False_231
[PlatoLog DEBUG] SubsCheckRho: AllT [] ConT Bool_228 ≦ ConT Bool_228
[PlatoLog DEBUG] SubsCheckRho: ConT Bool_228 ≦ ConT Bool_228
[PlatoLog DEBUG] Start type checking of function '||_246'
[PlatoLog DEBUG] SubsCheck: ConT Bool_228 ≦ ConT Bool_228
[PlatoLog DEBUG] SubsCheckRho: ConT Bool_228 ≦ ConT Bool_228
[PlatoLog DEBUG] tcRho: VarE True_229
[PlatoLog DEBUG] SubsCheckRho: AllT [] ConT Bool_228 ≦ ConT Bool_228
[PlatoLog DEBUG] SubsCheckRho: ConT Bool_228 ≦ ConT Bool_228
[PlatoLog DEBUG] SubsCheck: ConT Bool_228 ≦ ConT Bool_228
[PlatoLog DEBUG] SubsCheckRho: ConT Bool_228 ≦ ConT Bool_228
[PlatoLog DEBUG] tcRho: VarE y_255
[PlatoLog DEBUG] SubsCheckRho: ConT Bool_228 ≦ ConT Bool_228
[PlatoLog DEBUG] Start type checking of function 'not_257'
[PlatoLog DEBUG] SubsCheck: ConT Bool_228 ≦ ConT Bool_228
[PlatoLog DEBUG] SubsCheckRho: ConT Bool_228 ≦ ConT Bool_228
[PlatoLog DEBUG] tcRho: VarE False_231
[PlatoLog DEBUG] SubsCheckRho: AllT [] ConT Bool_228 ≦ ConT Bool_228
[PlatoLog DEBUG] SubsCheckRho: ConT Bool_228 ≦ ConT Bool_228
[PlatoLog DEBUG] SubsCheck: ConT Bool_228 ≦ ConT Bool_228
[PlatoLog DEBUG] SubsCheckRho: ConT Bool_228 ≦ ConT Bool_228
[PlatoLog DEBUG] tcRho: VarE True_229
[PlatoLog DEBUG] SubsCheckRho: AllT [] ConT Bool_228 ≦ ConT Bool_228
[PlatoLog DEBUG] SubsCheckRho: ConT Bool_228 ≦ ConT Bool_228
[PlatoLog DEBUG] Start type checking of function 'ifThenElse_266'
[PlatoLog DEBUG] SubsCheck: ConT Bool_228 ≦ ConT Bool_228
[PlatoLog DEBUG] SubsCheckRho: ConT Bool_228 ≦ ConT Bool_228
[PlatoLog DEBUG] tcRho: VarE then_274
[PlatoLog DEBUG] SubsCheckRho: VarT (SkolemTva_740) ≦ VarT (SkolemTva_740)
[PlatoLog DEBUG] SubsCheck: ConT Bool_228 ≦ ConT Bool_228
[PlatoLog DEBUG] SubsCheckRho: ConT Bool_228 ≦ ConT Bool_228
[PlatoLog DEBUG] tcRho: VarE else_278
[PlatoLog DEBUG] SubsCheckRho: VarT (SkolemTva_740) ≦ VarT (SkolemTva_740)
[PlatoLog DEBUG] Start type checking of function '+_77'
[PlatoLog DEBUG] SubsCheck: ConT Nat_68 ≦ ConT Nat_68
[PlatoLog DEBUG] SubsCheckRho: ConT Nat_68 ≦ ConT Nat_68
[PlatoLog DEBUG] tcRho: VarE n_83
[PlatoLog DEBUG] SubsCheckRho: ConT Nat_68 ≦ ConT Nat_68
[PlatoLog DEBUG] SubsCheck: ConT Nat_68 ≦ ConT Nat_68
[PlatoLog DEBUG] SubsCheckRho: ConT Nat_68 ≦ ConT Nat_68
[PlatoLog DEBUG] tcRho: AppE VarE Succ_71 AppE AppE VarE +_77 VarE m_86 VarE n_88
[PlatoLog DEBUG] tcRho: VarE Succ_71
[PlatoLog DEBUG] tcRho: AppE AppE VarE +_77 VarE m_86 VarE n_88
[PlatoLog DEBUG] tcRho: AppE VarE +_77 VarE m_86
[PlatoLog DEBUG] tcRho: VarE +_77
[PlatoLog DEBUG] tcRho: VarE m_86
[PlatoLog DEBUG] SubsCheckRho: ConT Nat_68 ≦ ConT Nat_68
[PlatoLog DEBUG] tcRho: VarE n_88
[PlatoLog DEBUG] SubsCheckRho: ConT Nat_68 ≦ ConT Nat_68
[PlatoLog DEBUG] SubsCheckRho: ConT Nat_68 ≦ ConT Nat_68
[PlatoLog DEBUG] SubsCheckRho: ConT Nat_68 ≦ ConT Nat_68
[PlatoLog DEBUG] Start type checking of function '-_93'
[PlatoLog DEBUG] SubsCheck: ConT Nat_68 ≦ ConT Nat_68
[PlatoLog DEBUG] SubsCheckRho: ConT Nat_68 ≦ ConT Nat_68
[PlatoLog DEBUG] tcRho: VarE Zero_69
[PlatoLog DEBUG] SubsCheckRho: AllT [] ConT Nat_68 ≦ ConT Nat_68
[PlatoLog DEBUG] SubsCheckRho: ConT Nat_68 ≦ ConT Nat_68
[PlatoLog DEBUG] SubsCheck: ConT Nat_68 ≦ ConT Nat_68
[PlatoLog DEBUG] SubsCheckRho: ConT Nat_68 ≦ ConT Nat_68
[PlatoLog DEBUG] tcRho: VarE m_101
[PlatoLog DEBUG] SubsCheckRho: ConT Nat_68 ≦ ConT Nat_68
[PlatoLog DEBUG] SubsCheck: ConT Nat_68 ≦ ConT Nat_68
[PlatoLog DEBUG] SubsCheckRho: ConT Nat_68 ≦ ConT Nat_68
[PlatoLog DEBUG] SubsCheck: ConT Nat_68 ≦ ConT Nat_68
[PlatoLog DEBUG] SubsCheckRho: ConT Nat_68 ≦ ConT Nat_68
[PlatoLog DEBUG] tcRho: AppE AppE VarE -_93 VarE m_106 VarE n_109
[PlatoLog DEBUG] tcRho: AppE VarE -_93 VarE m_106
[PlatoLog DEBUG] tcRho: VarE -_93
[PlatoLog DEBUG] tcRho: VarE m_106
[PlatoLog DEBUG] SubsCheckRho: ConT Nat_68 ≦ ConT Nat_68
[PlatoLog DEBUG] tcRho: VarE n_109
[PlatoLog DEBUG] SubsCheckRho: ConT Nat_68 ≦ ConT Nat_68
[PlatoLog DEBUG] SubsCheckRho: ConT Nat_68 ≦ ConT Nat_68
[PlatoLog DEBUG] Start type checking of function '*_113'
[PlatoLog DEBUG] SubsCheck: ConT Nat_68 ≦ ConT Nat_68
[PlatoLog DEBUG] SubsCheckRho: ConT Nat_68 ≦ ConT Nat_68
[PlatoLog DEBUG] tcRho: VarE Zero_69
[PlatoLog DEBUG] SubsCheckRho: AllT [] ConT Nat_68 ≦ ConT Nat_68
[PlatoLog DEBUG] SubsCheckRho: ConT Nat_68 ≦ ConT Nat_68
[PlatoLog DEBUG] SubsCheck: ConT Nat_68 ≦ ConT Nat_68
[PlatoLog DEBUG] SubsCheckRho: ConT Nat_68 ≦ ConT Nat_68
[PlatoLog DEBUG] tcRho: AppE AppE VarE +_77 VarE n_124 AppE AppE VarE *_113 VarE m_122 VarE n_124
[PlatoLog DEBUG] tcRho: AppE VarE +_77 VarE n_124
[PlatoLog DEBUG] tcRho: VarE +_77
[PlatoLog DEBUG] tcRho: VarE n_124
[PlatoLog DEBUG] SubsCheckRho: ConT Nat_68 ≦ ConT Nat_68
[PlatoLog DEBUG] tcRho: AppE AppE VarE *_113 VarE m_122 VarE n_124
[PlatoLog DEBUG] tcRho: AppE VarE *_113 VarE m_122
[PlatoLog DEBUG] tcRho: VarE *_113
[PlatoLog DEBUG] tcRho: VarE m_122
[PlatoLog DEBUG] SubsCheckRho: ConT Nat_68 ≦ ConT Nat_68
[PlatoLog DEBUG] tcRho: VarE n_124
[PlatoLog DEBUG] SubsCheckRho: ConT Nat_68 ≦ ConT Nat_68
[PlatoLog DEBUG] SubsCheckRho: ConT Nat_68 ≦ ConT Nat_68
[PlatoLog DEBUG] SubsCheckRho: ConT Nat_68 ≦ ConT Nat_68
[PlatoLog DEBUG] Start type checking of function '==_135'
[PlatoLog DEBUG] SubsCheck: ConT Nat_68 ≦ ConT Nat_68
[PlatoLog DEBUG] SubsCheckRho: ConT Nat_68 ≦ ConT Nat_68
[PlatoLog DEBUG] SubsCheck: ConT Nat_68 ≦ ConT Nat_68
[PlatoLog DEBUG] SubsCheckRho: ConT Nat_68 ≦ ConT Nat_68
[PlatoLog DEBUG] tcRho: AppE AppE VarE ==_135 VarE m_140 VarE n_143
[PlatoLog DEBUG] tcRho: AppE VarE ==_135 VarE m_140
[PlatoLog DEBUG] tcRho: VarE ==_135
[PlatoLog DEBUG] tcRho: VarE m_140
[PlatoLog DEBUG] SubsCheckRho: ConT Nat_68 ≦ ConT Nat_68
[PlatoLog DEBUG] tcRho: VarE n_143
[PlatoLog DEBUG] SubsCheckRho: ConT Nat_68 ≦ ConT Nat_68
[PlatoLog DEBUG] SubsCheckRho: ConT Bool_228 ≦ ConT Bool_228
[PlatoLog DEBUG] SubsCheck: ConT Nat_68 ≦ ConT Nat_68
[PlatoLog DEBUG] SubsCheckRho: ConT Nat_68 ≦ ConT Nat_68
[PlatoLog DEBUG] SubsCheck: ConT Nat_68 ≦ ConT Nat_68
[PlatoLog DEBUG] SubsCheckRho: ConT Nat_68 ≦ ConT Nat_68
[PlatoLog DEBUG] tcRho: VarE False_231
[PlatoLog DEBUG] SubsCheckRho: AllT [] ConT Bool_228 ≦ ConT Bool_228
[PlatoLog DEBUG] SubsCheckRho: ConT Bool_228 ≦ ConT Bool_228
[PlatoLog DEBUG] SubsCheck: ConT Nat_68 ≦ ConT Nat_68
[PlatoLog DEBUG] SubsCheckRho: ConT Nat_68 ≦ ConT Nat_68
[PlatoLog DEBUG] SubsCheck: ConT Nat_68 ≦ ConT Nat_68
[PlatoLog DEBUG] SubsCheckRho: ConT Nat_68 ≦ ConT Nat_68
[PlatoLog DEBUG] tcRho: VarE False_231
[PlatoLog DEBUG] SubsCheckRho: AllT [] ConT Bool_228 ≦ ConT Bool_228
[PlatoLog DEBUG] SubsCheckRho: ConT Bool_228 ≦ ConT Bool_228
[PlatoLog DEBUG] SubsCheck: ConT Nat_68 ≦ ConT Nat_68
[PlatoLog DEBUG] SubsCheckRho: ConT Nat_68 ≦ ConT Nat_68
[PlatoLog DEBUG] SubsCheck: ConT Nat_68 ≦ ConT Nat_68
[PlatoLog DEBUG] SubsCheckRho: ConT Nat_68 ≦ ConT Nat_68
[PlatoLog DEBUG] tcRho: VarE True_229
[PlatoLog DEBUG] SubsCheckRho: AllT [] ConT Bool_228 ≦ ConT Bool_228
[PlatoLog DEBUG] SubsCheckRho: ConT Bool_228 ≦ ConT Bool_228
[PlatoLog DEBUG] Start type checking of function '<_159'
[PlatoLog DEBUG] SubsCheck: ConT Nat_68 ≦ ConT Nat_68
[PlatoLog DEBUG] SubsCheckRho: ConT Nat_68 ≦ ConT Nat_68
[PlatoLog DEBUG] SubsCheck: ConT Nat_68 ≦ ConT Nat_68
[PlatoLog DEBUG] SubsCheckRho: ConT Nat_68 ≦ ConT Nat_68
[PlatoLog DEBUG] tcRho: AppE AppE VarE <_159 VarE m_164 VarE n_167
[PlatoLog DEBUG] tcRho: AppE VarE <_159 VarE m_164
[PlatoLog DEBUG] tcRho: VarE <_159
[PlatoLog DEBUG] tcRho: VarE m_164
[PlatoLog DEBUG] SubsCheckRho: ConT Nat_68 ≦ ConT Nat_68
[PlatoLog DEBUG] tcRho: VarE n_167
[PlatoLog DEBUG] SubsCheckRho: ConT Nat_68 ≦ ConT Nat_68
[PlatoLog DEBUG] SubsCheckRho: ConT Bool_228 ≦ ConT Bool_228
[PlatoLog DEBUG] SubsCheck: ConT Nat_68 ≦ ConT Nat_68
[PlatoLog DEBUG] SubsCheckRho: ConT Nat_68 ≦ ConT Nat_68
[PlatoLog DEBUG] SubsCheck: ConT Nat_68 ≦ ConT Nat_68
[PlatoLog DEBUG] SubsCheckRho: ConT Nat_68 ≦ ConT Nat_68
[PlatoLog DEBUG] tcRho: VarE True_229
[PlatoLog DEBUG] SubsCheckRho: AllT [] ConT Bool_228 ≦ ConT Bool_228
[PlatoLog DEBUG] SubsCheckRho: ConT Bool_228 ≦ ConT Bool_228
[PlatoLog DEBUG] SubsCheck: ConT Nat_68 ≦ ConT Nat_68
[PlatoLog DEBUG] SubsCheckRho: ConT Nat_68 ≦ ConT Nat_68
[PlatoLog DEBUG] tcRho: VarE False_231
[PlatoLog DEBUG] SubsCheckRho: AllT [] ConT Bool_228 ≦ ConT Bool_228
[PlatoLog DEBUG] SubsCheckRho: ConT Bool_228 ≦ ConT Bool_228
[PlatoLog DEBUG] Start type checking of function '<=_178'
[PlatoLog DEBUG] SubsCheck: ConT Nat_68 ≦ ConT Nat_68
[PlatoLog DEBUG] SubsCheckRho: ConT Nat_68 ≦ ConT Nat_68
[PlatoLog DEBUG] tcRho: AppE AppE VarE <_159 VarE m_183 VarE n_185
[PlatoLog DEBUG] tcRho: AppE VarE <_159 VarE m_183
[PlatoLog DEBUG] tcRho: VarE <_159
[PlatoLog DEBUG] tcRho: VarE m_183
[PlatoLog DEBUG] SubsCheckRho: ConT Nat_68 ≦ ConT Nat_68
[PlatoLog DEBUG] tcRho: VarE n_185
[PlatoLog DEBUG] SubsCheckRho: ConT Nat_68 ≦ ConT Nat_68
[PlatoLog DEBUG] SubsCheckRho: ConT Bool_228 ≦ ConT Bool_228
[PlatoLog DEBUG] SubsCheck: ConT Nat_68 ≦ ConT Nat_68
[PlatoLog DEBUG] SubsCheckRho: ConT Nat_68 ≦ ConT Nat_68
[PlatoLog DEBUG] tcRho: VarE True_229
[PlatoLog DEBUG] SubsCheckRho: AllT [] ConT Bool_228 ≦ ConT Bool_228
[PlatoLog DEBUG] SubsCheckRho: ConT Bool_228 ≦ ConT Bool_228
[PlatoLog DEBUG] Start type checking of function '>_193'
[PlatoLog DEBUG] SubsCheck: ConT Nat_68 ≦ ConT Nat_68
[PlatoLog DEBUG] SubsCheckRho: ConT Nat_68 ≦ ConT Nat_68
[PlatoLog DEBUG] SubsCheck: ConT Nat_68 ≦ ConT Nat_68
[PlatoLog DEBUG] SubsCheckRho: ConT Nat_68 ≦ ConT Nat_68
[PlatoLog DEBUG] tcRho: AppE AppE VarE >_193 VarE m_198 VarE n_201
[PlatoLog DEBUG] tcRho: AppE VarE >_193 VarE m_198
[PlatoLog DEBUG] tcRho: VarE >_193
[PlatoLog DEBUG] tcRho: VarE m_198
[PlatoLog DEBUG] SubsCheckRho: ConT Nat_68 ≦ ConT Nat_68
[PlatoLog DEBUG] tcRho: VarE n_201
[PlatoLog DEBUG] SubsCheckRho: ConT Nat_68 ≦ ConT Nat_68
[PlatoLog DEBUG] SubsCheckRho: ConT Bool_228 ≦ ConT Bool_228
[PlatoLog DEBUG] SubsCheck: ConT Nat_68 ≦ ConT Nat_68
[PlatoLog DEBUG] SubsCheckRho: ConT Nat_68 ≦ ConT Nat_68
[PlatoLog DEBUG] SubsCheck: ConT Nat_68 ≦ ConT Nat_68
[PlatoLog DEBUG] SubsCheckRho: ConT Nat_68 ≦ ConT Nat_68
[PlatoLog DEBUG] tcRho: VarE True_229
[PlatoLog DEBUG] SubsCheckRho: AllT [] ConT Bool_228 ≦ ConT Bool_228
[PlatoLog DEBUG] SubsCheckRho: ConT Bool_228 ≦ ConT Bool_228
[PlatoLog DEBUG] SubsCheck: ConT Nat_68 ≦ ConT Nat_68
[PlatoLog DEBUG] SubsCheckRho: ConT Nat_68 ≦ ConT Nat_68
[PlatoLog DEBUG] tcRho: VarE False_231
[PlatoLog DEBUG] SubsCheckRho: AllT [] ConT Bool_228 ≦ ConT Bool_228
[PlatoLog DEBUG] SubsCheckRho: ConT Bool_228 ≦ ConT Bool_228
[PlatoLog DEBUG] Start type checking of function '>=_213'
[PlatoLog DEBUG] SubsCheck: ConT Nat_68 ≦ ConT Nat_68
[PlatoLog DEBUG] SubsCheckRho: ConT Nat_68 ≦ ConT Nat_68
[PlatoLog DEBUG] tcRho: AppE AppE VarE >_193 VarE m_217 VarE n_220
[PlatoLog DEBUG] tcRho: AppE VarE >_193 VarE m_217
[PlatoLog DEBUG] tcRho: VarE >_193
[PlatoLog DEBUG] tcRho: VarE m_217
[PlatoLog DEBUG] SubsCheckRho: ConT Nat_68 ≦ ConT Nat_68
[PlatoLog DEBUG] tcRho: VarE n_220
[PlatoLog DEBUG] SubsCheckRho: ConT Nat_68 ≦ ConT Nat_68
[PlatoLog DEBUG] SubsCheckRho: ConT Bool_228 ≦ ConT Bool_228
[PlatoLog DEBUG] SubsCheck: ConT Nat_68 ≦ ConT Nat_68
[PlatoLog DEBUG] SubsCheckRho: ConT Nat_68 ≦ ConT Nat_68
[PlatoLog DEBUG] tcRho: VarE True_229
[PlatoLog DEBUG] SubsCheckRho: AllT [] ConT Bool_228 ≦ ConT Bool_228
[PlatoLog DEBUG] SubsCheckRho: ConT Bool_228 ≦ ConT Bool_228
[PlatoLog DEBUG] Start type checking of function 'maybe_508'
[PlatoLog DEBUG] SubsCheck: AppT ConT Maybe_499 MetaT 780 ≦ AppT ConT Maybe_499 VarT (SkolemTva_778)
[PlatoLog DEBUG] SubsCheckRho: AppT ConT Maybe_499 MetaT 780 ≦ AppT ConT Maybe_499 VarT (SkolemTva_778)
[PlatoLog DEBUG] SubsCheckRho: ConT Maybe_499 ≦ ConT Maybe_499
[PlatoLog DEBUG] SubsCheck: MetaT 780 ≦ VarT (SkolemTva_778)
[PlatoLog DEBUG] SubsCheckRho: MetaT 780 ≦ VarT (SkolemTva_778)
[PlatoLog DEBUG] tcRho: VarE n_518
[PlatoLog DEBUG] SubsCheckRho: VarT (SkolemTvb_779) ≦ VarT (SkolemTvb_779)
[PlatoLog DEBUG] SubsCheck: AppT ConT Maybe_499 MetaT 781 ≦ AppT ConT Maybe_499 VarT (SkolemTva_778)
[PlatoLog DEBUG] SubsCheckRho: AppT ConT Maybe_499 MetaT 781 ≦ AppT ConT Maybe_499 VarT (SkolemTva_778)
[PlatoLog DEBUG] SubsCheckRho: ConT Maybe_499 ≦ ConT Maybe_499
[PlatoLog DEBUG] SubsCheck: MetaT 781 ≦ VarT (SkolemTva_778)
[PlatoLog DEBUG] SubsCheckRho: MetaT 781 ≦ VarT (SkolemTva_778)
[PlatoLog DEBUG] tcRho: AppE VarE f_523 VarE x_525
[PlatoLog DEBUG] tcRho: VarE f_523
[PlatoLog DEBUG] tcRho: VarE x_525
[PlatoLog DEBUG] SubsCheckRho: VarT (SkolemTva_778) ≦ VarT (SkolemTva_778)
[PlatoLog DEBUG] SubsCheckRho: VarT (SkolemTvb_779) ≦ VarT (SkolemTvb_779)
[PlatoLog DEBUG] Start type checking of function 'isJust_528'
[PlatoLog DEBUG] SubsCheck: AppT ConT Maybe_499 MetaT 787 ≦ AppT ConT Maybe_499 VarT (SkolemTva_786)
[PlatoLog DEBUG] SubsCheckRho: AppT ConT Maybe_499 MetaT 787 ≦ AppT ConT Maybe_499 VarT (SkolemTva_786)
[PlatoLog DEBUG] SubsCheckRho: ConT Maybe_499 ≦ ConT Maybe_499
[PlatoLog DEBUG] SubsCheck: MetaT 787 ≦ VarT (SkolemTva_786)
[PlatoLog DEBUG] SubsCheckRho: MetaT 787 ≦ VarT (SkolemTva_786)
[PlatoLog DEBUG] tcRho: VarE False_231
[PlatoLog DEBUG] SubsCheckRho: AllT [] ConT Bool_228 ≦ ConT Bool_228
[PlatoLog DEBUG] SubsCheckRho: ConT Bool_228 ≦ ConT Bool_228
[PlatoLog DEBUG] tcRho: VarE True_229
[PlatoLog DEBUG] SubsCheckRho: AllT [] ConT Bool_228 ≦ ConT Bool_228
[PlatoLog DEBUG] SubsCheckRho: ConT Bool_228 ≦ ConT Bool_228
[PlatoLog DEBUG] Start type checking of function 'isNothing_538'
[PlatoLog DEBUG] SubsCheck: AppT ConT Maybe_499 MetaT 792 ≦ AppT ConT Maybe_499 VarT (SkolemTva_791)
[PlatoLog DEBUG] SubsCheckRho: AppT ConT Maybe_499 MetaT 792 ≦ AppT ConT Maybe_499 VarT (SkolemTva_791)
[PlatoLog DEBUG] SubsCheckRho: ConT Maybe_499 ≦ ConT Maybe_499
[PlatoLog DEBUG] SubsCheck: MetaT 792 ≦ VarT (SkolemTva_791)
[PlatoLog DEBUG] SubsCheckRho: MetaT 792 ≦ VarT (SkolemTva_791)
[PlatoLog DEBUG] tcRho: VarE True_229
[PlatoLog DEBUG] SubsCheckRho: AllT [] ConT Bool_228 ≦ ConT Bool_228
[PlatoLog DEBUG] SubsCheckRho: ConT Bool_228 ≦ ConT Bool_228
[PlatoLog DEBUG] tcRho: VarE False_231
[PlatoLog DEBUG] SubsCheckRho: AllT [] ConT Bool_228 ≦ ConT Bool_228
[PlatoLog DEBUG] SubsCheckRho: ConT Bool_228 ≦ ConT Bool_228
[PlatoLog DEBUG] Start type checking of function 'fromMaybe_548'
[PlatoLog DEBUG] SubsCheck: AppT ConT Maybe_499 MetaT 797 ≦ AppT ConT Maybe_499 VarT (SkolemTva_796)
[PlatoLog DEBUG] SubsCheckRho: AppT ConT Maybe_499 MetaT 797 ≦ AppT ConT Maybe_499 VarT (SkolemTva_796)
[PlatoLog DEBUG] SubsCheckRho: ConT Maybe_499 ≦ ConT Maybe_499
[PlatoLog DEBUG] SubsCheck: MetaT 797 ≦ VarT (SkolemTva_796)
[PlatoLog DEBUG] SubsCheckRho: MetaT 797 ≦ VarT (SkolemTva_796)
[PlatoLog DEBUG] tcRho: VarE d_555
[PlatoLog DEBUG] SubsCheckRho: VarT (SkolemTva_796) ≦ VarT (SkolemTva_796)
[PlatoLog DEBUG] SubsCheck: AppT ConT Maybe_499 MetaT 798 ≦ AppT ConT Maybe_499 VarT (SkolemTva_796)
[PlatoLog DEBUG] SubsCheckRho: AppT ConT Maybe_499 MetaT 798 ≦ AppT ConT Maybe_499 VarT (SkolemTva_796)
[PlatoLog DEBUG] SubsCheckRho: ConT Maybe_499 ≦ ConT Maybe_499
[PlatoLog DEBUG] SubsCheck: MetaT 798 ≦ VarT (SkolemTva_796)
[PlatoLog DEBUG] SubsCheckRho: MetaT 798 ≦ VarT (SkolemTva_796)
[PlatoLog DEBUG] tcRho: VarE v_560
[PlatoLog DEBUG] SubsCheckRho: VarT (SkolemTva_796) ≦ VarT (SkolemTva_796)
[PlatoLog DEBUG] Start type checking of function '++_293'
[PlatoLog DEBUG] SubsCheck: AppT ConT List_282 MetaT 803 ≦ AppT ConT List_282 VarT (SkolemTva_802)
[PlatoLog DEBUG] SubsCheckRho: AppT ConT List_282 MetaT 803 ≦ AppT ConT List_282 VarT (SkolemTva_802)
[PlatoLog DEBUG] SubsCheckRho: ConT List_282 ≦ ConT List_282
[PlatoLog DEBUG] SubsCheck: MetaT 803 ≦ VarT (SkolemTva_802)
[PlatoLog DEBUG] SubsCheckRho: MetaT 803 ≦ VarT (SkolemTva_802)
[PlatoLog DEBUG] tcRho: VarE m_303
[PlatoLog DEBUG] SubsCheckRho: AppT ConT List_282 VarT (SkolemTva_802) ≦ AppT ConT List_282 VarT (SkolemTva_802)
[PlatoLog DEBUG] SubsCheckRho: ConT List_282 ≦ ConT List_282
[PlatoLog DEBUG] SubsCheck: VarT (SkolemTva_802) ≦ VarT (SkolemTva_802)
[PlatoLog DEBUG] SubsCheckRho: VarT (SkolemTva_802) ≦ VarT (SkolemTva_802)
[PlatoLog DEBUG] SubsCheck: AppT ConT List_282 MetaT 804 ≦ AppT ConT List_282 VarT (SkolemTva_802)
[PlatoLog DEBUG] SubsCheckRho: AppT ConT List_282 MetaT 804 ≦ AppT ConT List_282 VarT (SkolemTva_802)
[PlatoLog DEBUG] SubsCheckRho: ConT List_282 ≦ ConT List_282
[PlatoLog DEBUG] SubsCheck: MetaT 804 ≦ VarT (SkolemTva_802)
[PlatoLog DEBUG] SubsCheckRho: MetaT 804 ≦ VarT (SkolemTva_802)
[PlatoLog DEBUG] tcRho: AppE AppE VarE ::_287 VarE x_305 AppE AppE VarE ++_293 VarE xs_307 VarE m_309
[PlatoLog DEBUG] tcRho: AppE VarE ::_287 VarE x_305
[PlatoLog DEBUG] tcRho: VarE ::_287
[PlatoLog DEBUG] tcRho: VarE x_305
[PlatoLog DEBUG] SubsCheckRho: VarT (SkolemTva_802) ≦ MetaT 805
[PlatoLog DEBUG] tcRho: AppE AppE VarE ++_293 VarE xs_307 VarE m_309
[PlatoLog DEBUG] tcRho: AppE VarE ++_293 VarE xs_307
[PlatoLog DEBUG] tcRho: VarE ++_293
[PlatoLog DEBUG] tcRho: VarE xs_307
[PlatoLog DEBUG] SubsCheckRho: AppT ConT List_282 VarT (SkolemTva_802) ≦ AppT ConT List_282 MetaT 806
[PlatoLog DEBUG] SubsCheckRho: ConT List_282 ≦ ConT List_282
[PlatoLog DEBUG] SubsCheck: VarT (SkolemTva_802) ≦ MetaT 806
[PlatoLog DEBUG] SubsCheckRho: VarT (SkolemTva_802) ≦ MetaT 806
[PlatoLog DEBUG] tcRho: VarE m_309
[PlatoLog DEBUG] SubsCheckRho: AppT ConT List_282 VarT (SkolemTva_802) ≦ AppT ConT List_282 MetaT 806
[PlatoLog DEBUG] SubsCheckRho: ConT List_282 ≦ ConT List_282
[PlatoLog DEBUG] SubsCheck: VarT (SkolemTva_802) ≦ MetaT 806
[PlatoLog DEBUG] SubsCheckRho: VarT (SkolemTva_802) ≦ MetaT 806
[PlatoLog DEBUG] SubsCheckRho: AppT ConT List_282 MetaT 806 ≦ AppT ConT List_282 MetaT 805
[PlatoLog DEBUG] SubsCheckRho: ConT List_282 ≦ ConT List_282
[PlatoLog DEBUG] SubsCheck: MetaT 806 ≦ MetaT 805
[PlatoLog DEBUG] SubsCheckRho: MetaT 806 ≦ MetaT 805
[PlatoLog DEBUG] SubsCheckRho: AppT ConT List_282 MetaT 805 ≦ AppT ConT List_282 VarT (SkolemTva_802)
[PlatoLog DEBUG] SubsCheckRho: ConT List_282 ≦ ConT List_282
[PlatoLog DEBUG] SubsCheck: MetaT 805 ≦ VarT (SkolemTva_802)
[PlatoLog DEBUG] SubsCheckRho: MetaT 805 ≦ VarT (SkolemTva_802)
[PlatoLog DEBUG] Start type checking of function 'head_315'
[PlatoLog DEBUG] SubsCheck: AppT ConT List_282 MetaT 812 ≦ AppT ConT List_282 VarT (SkolemTva_811)
[PlatoLog DEBUG] SubsCheckRho: AppT ConT List_282 MetaT 812 ≦ AppT ConT List_282 VarT (SkolemTva_811)
[PlatoLog DEBUG] SubsCheckRho: ConT List_282 ≦ ConT List_282
[PlatoLog DEBUG] SubsCheck: MetaT 812 ≦ VarT (SkolemTva_811)
[PlatoLog DEBUG] SubsCheckRho: MetaT 812 ≦ VarT (SkolemTva_811)
[PlatoLog DEBUG] tcRho: VarE Nothing_501
[PlatoLog DEBUG] SubsCheckRho: AllT [((BoundTva_500),StarK)] AppT ConT Maybe_499 VarT (BoundTva_500) ≦ AppT ConT Maybe_499 VarT (SkolemTva_811)
[PlatoLog DEBUG] SubsCheckRho: AppT ConT Maybe_499 MetaT 813 ≦ AppT ConT Maybe_499 VarT (SkolemTva_811)
[PlatoLog DEBUG] SubsCheckRho: ConT Maybe_499 ≦ ConT Maybe_499
[PlatoLog DEBUG] SubsCheck: MetaT 813 ≦ VarT (SkolemTva_811)
[PlatoLog DEBUG] SubsCheckRho: MetaT 813 ≦ VarT (SkolemTva_811)
[PlatoLog DEBUG] SubsCheck: AppT ConT List_282 MetaT 814 ≦ AppT ConT List_282 VarT (SkolemTva_811)
[PlatoLog DEBUG] SubsCheckRho: AppT ConT List_282 MetaT 814 ≦ AppT ConT List_282 VarT (SkolemTva_811)
[PlatoLog DEBUG] SubsCheckRho: ConT List_282 ≦ ConT List_282
[PlatoLog DEBUG] SubsCheck: MetaT 814 ≦ VarT (SkolemTva_811)
[PlatoLog DEBUG] SubsCheckRho: MetaT 814 ≦ VarT (SkolemTva_811)
[PlatoLog DEBUG] tcRho: AppE VarE Just_504 VarE hd_325
[PlatoLog DEBUG] tcRho: VarE Just_504
[PlatoLog DEBUG] tcRho: VarE hd_325
[PlatoLog DEBUG] SubsCheckRho: VarT (SkolemTva_811) ≦ MetaT 815
[PlatoLog DEBUG] SubsCheckRho: AppT ConT Maybe_499 MetaT 815 ≦ AppT ConT Maybe_499 VarT (SkolemTva_811)
[PlatoLog DEBUG] SubsCheckRho: ConT Maybe_499 ≦ ConT Maybe_499
[PlatoLog DEBUG] SubsCheck: MetaT 815 ≦ VarT (SkolemTva_811)
[PlatoLog DEBUG] SubsCheckRho: MetaT 815 ≦ VarT (SkolemTva_811)
[PlatoLog DEBUG] Start type checking of function 'last_329'
[PlatoLog DEBUG] SubsCheck: AppT ConT List_282 MetaT 820 ≦ AppT ConT List_282 VarT (SkolemTva_819)
[PlatoLog DEBUG] SubsCheckRho: AppT ConT List_282 MetaT 820 ≦ AppT ConT List_282 VarT (SkolemTva_819)
[PlatoLog DEBUG] SubsCheckRho: ConT List_282 ≦ ConT List_282
[PlatoLog DEBUG] SubsCheck: MetaT 820 ≦ VarT (SkolemTva_819)
[PlatoLog DEBUG] SubsCheckRho: MetaT 820 ≦ VarT (SkolemTva_819)
[PlatoLog DEBUG] tcRho: VarE Nothing_501
[PlatoLog DEBUG] SubsCheckRho: AllT [((BoundTva_500),StarK)] AppT ConT Maybe_499 VarT (BoundTva_500) ≦ AppT ConT Maybe_499 VarT (SkolemTva_819)
[PlatoLog DEBUG] SubsCheckRho: AppT ConT Maybe_499 MetaT 821 ≦ AppT ConT Maybe_499 VarT (SkolemTva_819)
[PlatoLog DEBUG] SubsCheckRho: ConT Maybe_499 ≦ ConT Maybe_499
[PlatoLog DEBUG] SubsCheck: MetaT 821 ≦ VarT (SkolemTva_819)
[PlatoLog DEBUG] SubsCheckRho: MetaT 821 ≦ VarT (SkolemTva_819)
[PlatoLog DEBUG] SubsCheck: AppT ConT List_282 MetaT 823 ≦ AppT ConT List_282 MetaT 822
[PlatoLog DEBUG] SubsCheckRho: AppT ConT List_282 MetaT 823 ≦ AppT ConT List_282 MetaT 822
[PlatoLog DEBUG] SubsCheckRho: ConT List_282 ≦ ConT List_282
[PlatoLog DEBUG] SubsCheck: MetaT 823 ≦ MetaT 822
[PlatoLog DEBUG] SubsCheckRho: MetaT 823 ≦ MetaT 822
[PlatoLog DEBUG] SubsCheck: AppT ConT List_282 MetaT 822 ≦ AppT ConT List_282 VarT (SkolemTva_819)
[PlatoLog DEBUG] SubsCheckRho: AppT ConT List_282 MetaT 822 ≦ AppT ConT List_282 VarT (SkolemTva_819)
[PlatoLog DEBUG] SubsCheckRho: ConT List_282 ≦ ConT List_282
[PlatoLog DEBUG] SubsCheck: MetaT 822 ≦ VarT (SkolemTva_819)
[PlatoLog DEBUG] SubsCheckRho: MetaT 822 ≦ VarT (SkolemTva_819)
[PlatoLog DEBUG] tcRho: AppE VarE Just_504 VarE hd_339
[PlatoLog DEBUG] tcRho: VarE Just_504
[PlatoLog DEBUG] tcRho: VarE hd_339
[PlatoLog DEBUG] SubsCheckRho: VarT (SkolemTva_819) ≦ MetaT 824
[PlatoLog DEBUG] SubsCheckRho: AppT ConT Maybe_499 MetaT 824 ≦ AppT ConT Maybe_499 VarT (SkolemTva_819)
[PlatoLog DEBUG] SubsCheckRho: ConT Maybe_499 ≦ ConT Maybe_499
[PlatoLog DEBUG] SubsCheck: MetaT 824 ≦ VarT (SkolemTva_819)
[PlatoLog DEBUG] SubsCheckRho: MetaT 824 ≦ VarT (SkolemTva_819)
[PlatoLog DEBUG] SubsCheck: AppT ConT List_282 MetaT 825 ≦ AppT ConT List_282 VarT (SkolemTva_819)
[PlatoLog DEBUG] SubsCheckRho: AppT ConT List_282 MetaT 825 ≦ AppT ConT List_282 VarT (SkolemTva_819)
[PlatoLog DEBUG] SubsCheckRho: ConT List_282 ≦ ConT List_282
[PlatoLog DEBUG] SubsCheck: MetaT 825 ≦ VarT (SkolemTva_819)
[PlatoLog DEBUG] SubsCheckRho: MetaT 825 ≦ VarT (SkolemTva_819)
[PlatoLog DEBUG] tcRho: AppE VarE last_329 VarE tl_346
[PlatoLog DEBUG] tcRho: VarE last_329
[PlatoLog DEBUG] tcRho: VarE tl_346
[PlatoLog DEBUG] SubsCheckRho: AppT ConT List_282 VarT (SkolemTva_819) ≦ AppT ConT List_282 MetaT 826
[PlatoLog DEBUG] SubsCheckRho: ConT List_282 ≦ ConT List_282
[PlatoLog DEBUG] SubsCheck: VarT (SkolemTva_819) ≦ MetaT 826
[PlatoLog DEBUG] SubsCheckRho: VarT (SkolemTva_819) ≦ MetaT 826
[PlatoLog DEBUG] SubsCheckRho: AppT ConT Maybe_499 MetaT 826 ≦ AppT ConT Maybe_499 VarT (SkolemTva_819)
[PlatoLog DEBUG] SubsCheckRho: ConT Maybe_499 ≦ ConT Maybe_499
[PlatoLog DEBUG] SubsCheck: MetaT 826 ≦ VarT (SkolemTva_819)
[PlatoLog DEBUG] SubsCheckRho: MetaT 826 ≦ VarT (SkolemTva_819)
[PlatoLog DEBUG] Start type checking of function 'tail_349'
[PlatoLog DEBUG] SubsCheck: AppT ConT List_282 MetaT 835 ≦ AppT ConT List_282 VarT (SkolemTva_834)
[PlatoLog DEBUG] SubsCheckRho: AppT ConT List_282 MetaT 835 ≦ AppT ConT List_282 VarT (SkolemTva_834)
[PlatoLog DEBUG] SubsCheckRho: ConT List_282 ≦ ConT List_282
[PlatoLog DEBUG] SubsCheck: MetaT 835 ≦ VarT (SkolemTva_834)
[PlatoLog DEBUG] SubsCheckRho: MetaT 835 ≦ VarT (SkolemTva_834)
[PlatoLog DEBUG] tcRho: VarE Nil_284
[PlatoLog DEBUG] SubsCheckRho: AllT [((BoundTva_283),StarK)] AppT ConT List_282 VarT (BoundTva_283) ≦ AppT ConT List_282 VarT (SkolemTva_834)
[PlatoLog DEBUG] SubsCheckRho: AppT ConT List_282 MetaT 836 ≦ AppT ConT List_282 VarT (SkolemTva_834)
[PlatoLog DEBUG] SubsCheckRho: ConT List_282 ≦ ConT List_282
[PlatoLog DEBUG] SubsCheck: MetaT 836 ≦ VarT (SkolemTva_834)
[PlatoLog DEBUG] SubsCheckRho: MetaT 836 ≦ VarT (SkolemTva_834)
[PlatoLog DEBUG] SubsCheck: AppT ConT List_282 MetaT 837 ≦ AppT ConT List_282 VarT (SkolemTva_834)
[PlatoLog DEBUG] SubsCheckRho: AppT ConT List_282 MetaT 837 ≦ AppT ConT List_282 VarT (SkolemTva_834)
[PlatoLog DEBUG] SubsCheckRho: ConT List_282 ≦ ConT List_282
[PlatoLog DEBUG] SubsCheck: MetaT 837 ≦ VarT (SkolemTva_834)
[PlatoLog DEBUG] SubsCheckRho: MetaT 837 ≦ VarT (SkolemTva_834)
[PlatoLog DEBUG] tcRho: VarE tl_360
[PlatoLog DEBUG] SubsCheckRho: AppT ConT List_282 VarT (SkolemTva_834) ≦ AppT ConT List_282 VarT (SkolemTva_834)
[PlatoLog DEBUG] SubsCheckRho: ConT List_282 ≦ ConT List_282
[PlatoLog DEBUG] SubsCheck: VarT (SkolemTva_834) ≦ VarT (SkolemTva_834)
[PlatoLog DEBUG] SubsCheckRho: VarT (SkolemTva_834) ≦ VarT (SkolemTva_834)
[PlatoLog DEBUG] Start type checking of function 'null_362'
[PlatoLog DEBUG] SubsCheck: AppT ConT List_282 MetaT 842 ≦ AppT ConT List_282 VarT (SkolemTva_841)
[PlatoLog DEBUG] SubsCheckRho: AppT ConT List_282 MetaT 842 ≦ AppT ConT List_282 VarT (SkolemTva_841)
[PlatoLog DEBUG] SubsCheckRho: ConT List_282 ≦ ConT List_282
[PlatoLog DEBUG] SubsCheck: MetaT 842 ≦ VarT (SkolemTva_841)
[PlatoLog DEBUG] SubsCheckRho: MetaT 842 ≦ VarT (SkolemTva_841)
[PlatoLog DEBUG] tcRho: VarE True_229
[PlatoLog DEBUG] SubsCheckRho: AllT [] ConT Bool_228 ≦ ConT Bool_228
[PlatoLog DEBUG] SubsCheckRho: ConT Bool_228 ≦ ConT Bool_228
[PlatoLog DEBUG] tcRho: VarE False_231
[PlatoLog DEBUG] SubsCheckRho: AllT [] ConT Bool_228 ≦ ConT Bool_228
[PlatoLog DEBUG] SubsCheckRho: ConT Bool_228 ≦ ConT Bool_228
[PlatoLog DEBUG] Start type checking of function 'length_372'
[PlatoLog DEBUG] SubsCheck: AppT ConT List_282 MetaT 849 ≦ AppT ConT List_282 VarT (SkolemTva_848)
[PlatoLog DEBUG] SubsCheckRho: AppT ConT List_282 MetaT 849 ≦ AppT ConT List_282 VarT (SkolemTva_848)
[PlatoLog DEBUG] SubsCheckRho: ConT List_282 ≦ ConT List_282
[PlatoLog DEBUG] SubsCheck: MetaT 849 ≦ VarT (SkolemTva_848)
[PlatoLog DEBUG] SubsCheckRho: MetaT 849 ≦ VarT (SkolemTva_848)
[PlatoLog DEBUG] tcRho: VarE Zero_69
[PlatoLog DEBUG] SubsCheckRho: AllT [] ConT Nat_68 ≦ ConT Nat_68
[PlatoLog DEBUG] SubsCheckRho: ConT Nat_68 ≦ ConT Nat_68
[PlatoLog DEBUG] SubsCheck: AppT ConT List_282 MetaT 850 ≦ AppT ConT List_282 VarT (SkolemTva_848)
[PlatoLog DEBUG] SubsCheckRho: AppT ConT List_282 MetaT 850 ≦ AppT ConT List_282 VarT (SkolemTva_848)
[PlatoLog DEBUG] SubsCheckRho: ConT List_282 ≦ ConT List_282
[PlatoLog DEBUG] SubsCheck: MetaT 850 ≦ VarT (SkolemTva_848)
[PlatoLog DEBUG] SubsCheckRho: MetaT 850 ≦ VarT (SkolemTva_848)
[PlatoLog DEBUG] tcRho: AppE VarE Succ_71 AppE VarE length_372 VarE xs_383
[PlatoLog DEBUG] tcRho: VarE Succ_71
[PlatoLog DEBUG] tcRho: AppE VarE length_372 VarE xs_383
[PlatoLog DEBUG] tcRho: VarE length_372
[PlatoLog DEBUG] tcRho: VarE xs_383
[PlatoLog DEBUG] SubsCheckRho: AppT ConT List_282 VarT (SkolemTva_848) ≦ AppT ConT List_282 MetaT 851
[PlatoLog DEBUG] SubsCheckRho: ConT List_282 ≦ ConT List_282
[PlatoLog DEBUG] SubsCheck: VarT (SkolemTva_848) ≦ MetaT 851
[PlatoLog DEBUG] SubsCheckRho: VarT (SkolemTva_848) ≦ MetaT 851
[PlatoLog DEBUG] SubsCheckRho: ConT Nat_68 ≦ ConT Nat_68
[PlatoLog DEBUG] SubsCheckRho: ConT Nat_68 ≦ ConT Nat_68
[PlatoLog DEBUG] Start type checking of function 'map_387'
[PlatoLog DEBUG] SubsCheck: AppT ConT List_282 MetaT 857 ≦ AppT ConT List_282 VarT (SkolemTva_855)
[PlatoLog DEBUG] SubsCheckRho: AppT ConT List_282 MetaT 857 ≦ AppT ConT List_282 VarT (SkolemTva_855)
[PlatoLog DEBUG] SubsCheckRho: ConT List_282 ≦ ConT List_282
[PlatoLog DEBUG] SubsCheck: MetaT 857 ≦ VarT (SkolemTva_855)
[PlatoLog DEBUG] SubsCheckRho: MetaT 857 ≦ VarT (SkolemTva_855)
[PlatoLog DEBUG] tcRho: VarE Nil_284
[PlatoLog DEBUG] SubsCheckRho: AllT [((BoundTva_283),StarK)] AppT ConT List_282 VarT (BoundTva_283) ≦ AppT ConT List_282 VarT (SkolemTvb_856)
[PlatoLog DEBUG] SubsCheckRho: AppT ConT List_282 MetaT 858 ≦ AppT ConT List_282 VarT (SkolemTvb_856)
[PlatoLog DEBUG] SubsCheckRho: ConT List_282 ≦ ConT List_282
[PlatoLog DEBUG] SubsCheck: MetaT 858 ≦ VarT (SkolemTvb_856)
[PlatoLog DEBUG] SubsCheckRho: MetaT 858 ≦ VarT (SkolemTvb_856)
[PlatoLog DEBUG] SubsCheck: AppT ConT List_282 MetaT 859 ≦ AppT ConT List_282 VarT (SkolemTva_855)
[PlatoLog DEBUG] SubsCheckRho: AppT ConT List_282 MetaT 859 ≦ AppT ConT List_282 VarT (SkolemTva_855)
[PlatoLog DEBUG] SubsCheckRho: ConT List_282 ≦ ConT List_282
[PlatoLog DEBUG] SubsCheck: MetaT 859 ≦ VarT (SkolemTva_855)
[PlatoLog DEBUG] SubsCheckRho: MetaT 859 ≦ VarT (SkolemTva_855)
[PlatoLog DEBUG] tcRho: AppE AppE VarE ::_287 AppE VarE f_401 VarE x_402 AppE AppE VarE map_387 VarE f_401 VarE xs_404
[PlatoLog DEBUG] tcRho: AppE VarE ::_287 AppE VarE f_401 VarE x_402
[PlatoLog DEBUG] tcRho: VarE ::_287
[PlatoLog DEBUG] tcRho: AppE VarE f_401 VarE x_402
[PlatoLog DEBUG] tcRho: VarE f_401
[PlatoLog DEBUG] tcRho: VarE x_402
[PlatoLog DEBUG] SubsCheckRho: VarT (SkolemTva_855) ≦ VarT (SkolemTva_855)
[PlatoLog DEBUG] SubsCheckRho: VarT (SkolemTvb_856) ≦ MetaT 860
[PlatoLog DEBUG] tcRho: AppE AppE VarE map_387 VarE f_401 VarE xs_404
[PlatoLog DEBUG] tcRho: AppE VarE map_387 VarE f_401
[PlatoLog DEBUG] tcRho: VarE map_387
[PlatoLog DEBUG] tcRho: VarE f_401
[PlatoLog DEBUG] SubsCheckRho: ArrT VarT (SkolemTva_855) VarT (SkolemTvb_856) ≦ ArrT MetaT 861 MetaT 862
[PlatoLog DEBUG] SubsCheck: MetaT 861 ≦ VarT (SkolemTva_855)
[PlatoLog DEBUG] SubsCheckRho: MetaT 861 ≦ VarT (SkolemTva_855)
[PlatoLog DEBUG] SubsCheckRho: VarT (SkolemTvb_856) ≦ MetaT 862
[PlatoLog DEBUG] tcRho: VarE xs_404
[PlatoLog DEBUG] SubsCheckRho: AppT ConT List_282 VarT (SkolemTva_855) ≦ AppT ConT List_282 MetaT 861
[PlatoLog DEBUG] SubsCheckRho: ConT List_282 ≦ ConT List_282
[PlatoLog DEBUG] SubsCheck: VarT (SkolemTva_855) ≦ MetaT 861
[PlatoLog DEBUG] SubsCheckRho: VarT (SkolemTva_855) ≦ MetaT 861
[PlatoLog DEBUG] SubsCheckRho: AppT ConT List_282 MetaT 862 ≦ AppT ConT List_282 MetaT 860
[PlatoLog DEBUG] SubsCheckRho: ConT List_282 ≦ ConT List_282
[PlatoLog DEBUG] SubsCheck: MetaT 862 ≦ MetaT 860
[PlatoLog DEBUG] SubsCheckRho: MetaT 862 ≦ MetaT 860
[PlatoLog DEBUG] SubsCheckRho: AppT ConT List_282 MetaT 860 ≦ AppT ConT List_282 VarT (SkolemTvb_856)
[PlatoLog DEBUG] SubsCheckRho: ConT List_282 ≦ ConT List_282
[PlatoLog DEBUG] SubsCheck: MetaT 860 ≦ VarT (SkolemTvb_856)
[PlatoLog DEBUG] SubsCheckRho: MetaT 860 ≦ VarT (SkolemTvb_856)
[PlatoLog DEBUG] Start type checking of function 'reverse_411'
[PlatoLog DEBUG] tcRho: LetE [(rev_419,[([VarP l'_428,VarP a_429],CaseE VarE l'_428 [(ConP Nil_284 [],VarE a_429),(ConP ::_287 [VarP x_433,VarP xs_435],AppE AppE VarE rev_419 VarE xs_435 AppE AppE VarE ::_287 VarE x_433 VarE a_429)])])] [(rev_419,AllT [((BoundTva_420),MetaK 667)] ArrT AppT ConT List_282 VarT (BoundTva_420) ArrT AppT ConT List_282 VarT (BoundTva_420) AppT ConT List_282 VarT (BoundTva_420))] AppE AppE VarE rev_419 VarE l_418 VarE Nil_284
[PlatoLog DEBUG] tcRho: CaseE VarE l'_428 [(ConP Nil_284 [],VarE a_429),(ConP ::_287 [VarP x_433,VarP xs_435],AppE AppE VarE rev_419 VarE xs_435 AppE AppE VarE ::_287 VarE x_433 VarE a_429)]
[PlatoLog DEBUG] tcRho: VarE l'_428
[PlatoLog DEBUG] SubsCheck: AppT ConT List_282 MetaT 869 ≦ AppT ConT List_282 VarT (SkolemTva_868)
[PlatoLog DEBUG] SubsCheckRho: AppT ConT List_282 MetaT 869 ≦ AppT ConT List_282 VarT (SkolemTva_868)
[PlatoLog DEBUG] SubsCheckRho: ConT List_282 ≦ ConT List_282
[PlatoLog DEBUG] SubsCheck: MetaT 869 ≦ VarT (SkolemTva_868)
[PlatoLog DEBUG] SubsCheckRho: MetaT 869 ≦ VarT (SkolemTva_868)
[PlatoLog DEBUG] tcRho: VarE a_429
[PlatoLog DEBUG] SubsCheckRho: AppT ConT List_282 VarT (SkolemTva_868) ≦ AppT ConT List_282 VarT (SkolemTva_868)
[PlatoLog DEBUG] SubsCheckRho: ConT List_282 ≦ ConT List_282
[PlatoLog DEBUG] SubsCheck: VarT (SkolemTva_868) ≦ VarT (SkolemTva_868)
[PlatoLog DEBUG] SubsCheckRho: VarT (SkolemTva_868) ≦ VarT (SkolemTva_868)
[PlatoLog DEBUG] SubsCheck: AppT ConT List_282 MetaT 870 ≦ AppT ConT List_282 VarT (SkolemTva_868)
[PlatoLog DEBUG] SubsCheckRho: AppT ConT List_282 MetaT 870 ≦ AppT ConT List_282 VarT (SkolemTva_868)
[PlatoLog DEBUG] SubsCheckRho: ConT List_282 ≦ ConT List_282
[PlatoLog DEBUG] SubsCheck: MetaT 870 ≦ VarT (SkolemTva_868)
[PlatoLog DEBUG] SubsCheckRho: MetaT 870 ≦ VarT (SkolemTva_868)
[PlatoLog DEBUG] tcRho: AppE AppE VarE rev_419 VarE xs_435 AppE AppE VarE ::_287 VarE x_433 VarE a_429
[PlatoLog DEBUG] tcRho: AppE VarE rev_419 VarE xs_435
[PlatoLog DEBUG] tcRho: VarE rev_419
[PlatoLog DEBUG] tcRho: VarE xs_435
[PlatoLog DEBUG] SubsCheckRho: AppT ConT List_282 VarT (SkolemTva_868) ≦ AppT ConT List_282 MetaT 871
[PlatoLog DEBUG] SubsCheckRho: ConT List_282 ≦ ConT List_282
[PlatoLog DEBUG] SubsCheck: VarT (SkolemTva_868) ≦ MetaT 871
[PlatoLog DEBUG] SubsCheckRho: VarT (SkolemTva_868) ≦ MetaT 871
[PlatoLog DEBUG] tcRho: AppE AppE VarE ::_287 VarE x_433 VarE a_429
[PlatoLog DEBUG] tcRho: AppE VarE ::_287 VarE x_433
[PlatoLog DEBUG] tcRho: VarE ::_287
[PlatoLog DEBUG] tcRho: VarE x_433
[PlatoLog DEBUG] SubsCheckRho: VarT (SkolemTva_868) ≦ MetaT 872
[PlatoLog DEBUG] tcRho: VarE a_429
[PlatoLog DEBUG] SubsCheckRho: AppT ConT List_282 VarT (SkolemTva_868) ≦ AppT ConT List_282 MetaT 872
[PlatoLog DEBUG] SubsCheckRho: ConT List_282 ≦ ConT List_282
[PlatoLog DEBUG] SubsCheck: VarT (SkolemTva_868) ≦ MetaT 872
[PlatoLog DEBUG] SubsCheckRho: VarT (SkolemTva_868) ≦ MetaT 872
[PlatoLog DEBUG] SubsCheckRho: AppT ConT List_282 MetaT 872 ≦ AppT ConT List_282 MetaT 871
[PlatoLog DEBUG] SubsCheckRho: ConT List_282 ≦ ConT List_282
[PlatoLog DEBUG] SubsCheck: MetaT 872 ≦ MetaT 871
[PlatoLog DEBUG] SubsCheckRho: MetaT 872 ≦ MetaT 871
[PlatoLog DEBUG] SubsCheckRho: AppT ConT List_282 MetaT 871 ≦ AppT ConT List_282 VarT (SkolemTva_868)
[PlatoLog DEBUG] SubsCheckRho: ConT List_282 ≦ ConT List_282
[PlatoLog DEBUG] SubsCheck: MetaT 871 ≦ VarT (SkolemTva_868)
[PlatoLog DEBUG] SubsCheckRho: MetaT 871 ≦ VarT (SkolemTva_868)
[PlatoLog DEBUG] tcRho: AppE AppE VarE rev_419 VarE l_418 VarE Nil_284
[PlatoLog DEBUG] tcRho: AppE VarE rev_419 VarE l_418
[PlatoLog DEBUG] tcRho: VarE rev_419
[PlatoLog DEBUG] tcRho: VarE l_418
[PlatoLog DEBUG] SubsCheckRho: AppT ConT List_282 VarT (SkolemTva_867) ≦ AppT ConT List_282 MetaT 875
[PlatoLog DEBUG] SubsCheckRho: ConT List_282 ≦ ConT List_282
[PlatoLog DEBUG] SubsCheck: VarT (SkolemTva_867) ≦ MetaT 875
[PlatoLog DEBUG] SubsCheckRho: VarT (SkolemTva_867) ≦ MetaT 875
[PlatoLog DEBUG] tcRho: VarE Nil_284
[PlatoLog DEBUG] SubsCheckRho: AllT [((BoundTva_283),StarK)] AppT ConT List_282 VarT (BoundTva_283) ≦ AppT ConT List_282 MetaT 875
[PlatoLog DEBUG] SubsCheckRho: AppT ConT List_282 MetaT 876 ≦ AppT ConT List_282 MetaT 875
[PlatoLog DEBUG] SubsCheckRho: ConT List_282 ≦ ConT List_282
[PlatoLog DEBUG] SubsCheck: MetaT 876 ≦ MetaT 875
[PlatoLog DEBUG] SubsCheckRho: MetaT 876 ≦ MetaT 875
[PlatoLog DEBUG] SubsCheckRho: AppT ConT List_282 MetaT 875 ≦ AppT ConT List_282 VarT (SkolemTva_867)
[PlatoLog DEBUG] SubsCheckRho: ConT List_282 ≦ ConT List_282
[PlatoLog DEBUG] SubsCheck: MetaT 875 ≦ VarT (SkolemTva_867)
[PlatoLog DEBUG] SubsCheckRho: MetaT 875 ≦ VarT (SkolemTva_867)
[PlatoLog DEBUG] Start type checking of function 'filter_444'
[PlatoLog DEBUG] SubsCheck: AppT ConT List_282 MetaT 882 ≦ AppT ConT List_282 VarT (SkolemTva_881)
[PlatoLog DEBUG] SubsCheckRho: AppT ConT List_282 MetaT 882 ≦ AppT ConT List_282 VarT (SkolemTva_881)
[PlatoLog DEBUG] SubsCheckRho: ConT List_282 ≦ ConT List_282
[PlatoLog DEBUG] SubsCheck: MetaT 882 ≦ VarT (SkolemTva_881)
[PlatoLog DEBUG] SubsCheckRho: MetaT 882 ≦ VarT (SkolemTva_881)
[PlatoLog DEBUG] tcRho: VarE Nil_284
[PlatoLog DEBUG] SubsCheckRho: AllT [((BoundTva_283),StarK)] AppT ConT List_282 VarT (BoundTva_283) ≦ AppT ConT List_282 VarT (SkolemTva_881)
[PlatoLog DEBUG] SubsCheckRho: AppT ConT List_282 MetaT 883 ≦ AppT ConT List_282 VarT (SkolemTva_881)
[PlatoLog DEBUG] SubsCheckRho: ConT List_282 ≦ ConT List_282
[PlatoLog DEBUG] SubsCheck: MetaT 883 ≦ VarT (SkolemTva_881)
[PlatoLog DEBUG] SubsCheckRho: MetaT 883 ≦ VarT (SkolemTva_881)
[PlatoLog DEBUG] SubsCheck: AppT ConT List_282 MetaT 884 ≦ AppT ConT List_282 VarT (SkolemTva_881)
[PlatoLog DEBUG] SubsCheckRho: AppT ConT List_282 MetaT 884 ≦ AppT ConT List_282 VarT (SkolemTva_881)
[PlatoLog DEBUG] SubsCheckRho: ConT List_282 ≦ ConT List_282
[PlatoLog DEBUG] SubsCheck: MetaT 884 ≦ VarT (SkolemTva_881)
[PlatoLog DEBUG] SubsCheckRho: MetaT 884 ≦ VarT (SkolemTva_881)
[PlatoLog DEBUG] tcRho: AppE AppE AppE VarE ifThenElse_266 AppE VarE f_457 VarE x_458 AppE AppE VarE ::_287 VarE x_458 AppE AppE VarE filter_444 VarE f_457 VarE xs_460 AppE AppE VarE filter_444 VarE f_457 VarE xs_460
[PlatoLog DEBUG] tcRho: AppE AppE VarE ifThenElse_266 AppE VarE f_457 VarE x_458 AppE AppE VarE ::_287 VarE x_458 AppE AppE VarE filter_444 VarE f_457 VarE xs_460
[PlatoLog DEBUG] tcRho: AppE VarE ifThenElse_266 AppE VarE f_457 VarE x_458
[PlatoLog DEBUG] tcRho: VarE ifThenElse_266
[PlatoLog DEBUG] tcRho: AppE VarE f_457 VarE x_458
[PlatoLog DEBUG] tcRho: VarE f_457
[PlatoLog DEBUG] tcRho: VarE x_458
[PlatoLog DEBUG] SubsCheckRho: VarT (SkolemTva_881) ≦ VarT (SkolemTva_881)
[PlatoLog DEBUG] SubsCheckRho: ConT Bool_228 ≦ ConT Bool_228
[PlatoLog DEBUG] tcRho: AppE AppE VarE ::_287 VarE x_458 AppE AppE VarE filter_444 VarE f_457 VarE xs_460
[PlatoLog DEBUG] tcRho: AppE VarE ::_287 VarE x_458
[PlatoLog DEBUG] tcRho: VarE ::_287
[PlatoLog DEBUG] tcRho: VarE x_458
[PlatoLog DEBUG] SubsCheckRho: VarT (SkolemTva_881) ≦ MetaT 886
[PlatoLog DEBUG] tcRho: AppE AppE VarE filter_444 VarE f_457 VarE xs_460
[PlatoLog DEBUG] tcRho: AppE VarE filter_444 VarE f_457
[PlatoLog DEBUG] tcRho: VarE filter_444
[PlatoLog DEBUG] tcRho: VarE f_457
[PlatoLog DEBUG] SubsCheckRho: ArrT VarT (SkolemTva_881) ConT Bool_228 ≦ ArrT MetaT 887 ConT Bool_228
[PlatoLog DEBUG] SubsCheck: MetaT 887 ≦ VarT (SkolemTva_881)
[PlatoLog DEBUG] SubsCheckRho: MetaT 887 ≦ VarT (SkolemTva_881)
[PlatoLog DEBUG] SubsCheckRho: ConT Bool_228 ≦ ConT Bool_228
[PlatoLog DEBUG] tcRho: VarE xs_460
[PlatoLog DEBUG] SubsCheckRho: AppT ConT List_282 VarT (SkolemTva_881) ≦ AppT ConT List_282 MetaT 887
[PlatoLog DEBUG] SubsCheckRho: ConT List_282 ≦ ConT List_282
[PlatoLog DEBUG] SubsCheck: VarT (SkolemTva_881) ≦ MetaT 887
[PlatoLog DEBUG] SubsCheckRho: VarT (SkolemTva_881) ≦ MetaT 887
[PlatoLog DEBUG] SubsCheckRho: AppT ConT List_282 MetaT 887 ≦ AppT ConT List_282 MetaT 886
[PlatoLog DEBUG] SubsCheckRho: ConT List_282 ≦ ConT List_282
[PlatoLog DEBUG] SubsCheck: MetaT 887 ≦ MetaT 886
[PlatoLog DEBUG] SubsCheckRho: MetaT 887 ≦ MetaT 886
[PlatoLog DEBUG] SubsCheckRho: AppT ConT List_282 MetaT 886 ≦ MetaT 885
[PlatoLog DEBUG] tcRho: AppE AppE VarE filter_444 VarE f_457 VarE xs_460
[PlatoLog DEBUG] tcRho: AppE VarE filter_444 VarE f_457
[PlatoLog DEBUG] tcRho: VarE filter_444
[PlatoLog DEBUG] tcRho: VarE f_457
[PlatoLog DEBUG] SubsCheckRho: ArrT VarT (SkolemTva_881) ConT Bool_228 ≦ ArrT MetaT 888 ConT Bool_228
[PlatoLog DEBUG] SubsCheck: MetaT 888 ≦ VarT (SkolemTva_881)
[PlatoLog DEBUG] SubsCheckRho: MetaT 888 ≦ VarT (SkolemTva_881)
[PlatoLog DEBUG] SubsCheckRho: ConT Bool_228 ≦ ConT Bool_228
[PlatoLog DEBUG] tcRho: VarE xs_460
[PlatoLog DEBUG] SubsCheckRho: AppT ConT List_282 VarT (SkolemTva_881) ≦ AppT ConT List_282 MetaT 888
[PlatoLog DEBUG] SubsCheckRho: ConT List_282 ≦ ConT List_282
[PlatoLog DEBUG] SubsCheck: VarT (SkolemTva_881) ≦ MetaT 888
[PlatoLog DEBUG] SubsCheckRho: VarT (SkolemTva_881) ≦ MetaT 888
[PlatoLog DEBUG] SubsCheckRho: AppT ConT List_282 MetaT 888 ≦ MetaT 885
[PlatoLog DEBUG] SubsCheckRho: MetaT 885 ≦ AppT ConT List_282 VarT (SkolemTva_881)
[PlatoLog DEBUG] Start type checking of function 'foldr_472'
[PlatoLog DEBUG] SubsCheck: AppT ConT List_282 MetaT 895 ≦ AppT ConT List_282 VarT (SkolemTva_893)
[PlatoLog DEBUG] SubsCheckRho: AppT ConT List_282 MetaT 895 ≦ AppT ConT List_282 VarT (SkolemTva_893)
[PlatoLog DEBUG] SubsCheckRho: ConT List_282 ≦ ConT List_282
[PlatoLog DEBUG] SubsCheck: MetaT 895 ≦ VarT (SkolemTva_893)
[PlatoLog DEBUG] SubsCheckRho: MetaT 895 ≦ VarT (SkolemTva_893)
[PlatoLog DEBUG] tcRho: VarE z_484
[PlatoLog DEBUG] SubsCheckRho: VarT (SkolemTvb_894) ≦ VarT (SkolemTvb_894)
[PlatoLog DEBUG] SubsCheck: AppT ConT List_282 MetaT 896 ≦ AppT ConT List_282 VarT (SkolemTva_893)
[PlatoLog DEBUG] SubsCheckRho: AppT ConT List_282 MetaT 896 ≦ AppT ConT List_282 VarT (SkolemTva_893)
[PlatoLog DEBUG] SubsCheckRho: ConT List_282 ≦ ConT List_282
[PlatoLog DEBUG] SubsCheck: MetaT 896 ≦ VarT (SkolemTva_893)
[PlatoLog DEBUG] SubsCheckRho: MetaT 896 ≦ VarT (SkolemTva_893)
[PlatoLog DEBUG] tcRho: AppE AppE VarE k_488 VarE y_490 AppE AppE AppE VarE foldr_472 VarE k_488 VarE z_489 VarE ys_492
[PlatoLog DEBUG] tcRho: AppE VarE k_488 VarE y_490
[PlatoLog DEBUG] tcRho: VarE k_488
[PlatoLog DEBUG] tcRho: VarE y_490
[PlatoLog DEBUG] SubsCheckRho: VarT (SkolemTva_893) ≦ VarT (SkolemTva_893)
[PlatoLog DEBUG] tcRho: AppE AppE AppE VarE foldr_472 VarE k_488 VarE z_489 VarE ys_492
[PlatoLog DEBUG] tcRho: AppE AppE VarE foldr_472 VarE k_488 VarE z_489
[PlatoLog DEBUG] tcRho: AppE VarE foldr_472 VarE k_488
[PlatoLog DEBUG] tcRho: VarE foldr_472
[PlatoLog DEBUG] tcRho: VarE k_488
[PlatoLog DEBUG] SubsCheckRho: ArrT VarT (SkolemTva_893) ArrT VarT (SkolemTvb_894) VarT (SkolemTvb_894) ≦ ArrT MetaT 897 ArrT MetaT 898 MetaT 898
[PlatoLog DEBUG] SubsCheck: MetaT 897 ≦ VarT (SkolemTva_893)
[PlatoLog DEBUG] SubsCheckRho: MetaT 897 ≦ VarT (SkolemTva_893)
[PlatoLog DEBUG] SubsCheckRho: ArrT VarT (SkolemTvb_894) VarT (SkolemTvb_894) ≦ ArrT MetaT 898 MetaT 898
[PlatoLog DEBUG] SubsCheck: MetaT 898 ≦ VarT (SkolemTvb_894)
[PlatoLog DEBUG] SubsCheckRho: MetaT 898 ≦ VarT (SkolemTvb_894)
[PlatoLog DEBUG] SubsCheckRho: VarT (SkolemTvb_894) ≦ MetaT 898
[PlatoLog DEBUG] tcRho: VarE z_489
[PlatoLog DEBUG] SubsCheckRho: VarT (SkolemTvb_894) ≦ MetaT 898
[PlatoLog DEBUG] tcRho: VarE ys_492
[PlatoLog DEBUG] SubsCheckRho: AppT ConT List_282 VarT (SkolemTva_893) ≦ AppT ConT List_282 MetaT 897
[PlatoLog DEBUG] SubsCheckRho: ConT List_282 ≦ ConT List_282
[PlatoLog DEBUG] SubsCheck: VarT (SkolemTva_893) ≦ MetaT 897
[PlatoLog DEBUG] SubsCheckRho: VarT (SkolemTva_893) ≦ MetaT 897
[PlatoLog DEBUG] SubsCheckRho: MetaT 898 ≦ VarT (SkolemTvb_894)
[PlatoLog DEBUG] SubsCheckRho: VarT (SkolemTvb_894) ≦ VarT (SkolemTvb_894)
[PlatoLog DEBUG] Start type checking of function 'fst_572'
[PlatoLog DEBUG] SubsCheck: AppT AppT ConT :,:_563 MetaT 906 MetaT 907 ≦ AppT AppT ConT :,:_563 VarT (SkolemTva_904) VarT (SkolemTvb_905)
[PlatoLog DEBUG] SubsCheckRho: AppT AppT ConT :,:_563 MetaT 906 MetaT 907 ≦ AppT AppT ConT :,:_563 VarT (SkolemTva_904) VarT (SkolemTvb_905)
[PlatoLog DEBUG] SubsCheckRho: AppT ConT :,:_563 MetaT 906 ≦ AppT ConT :,:_563 VarT (SkolemTva_904)
[PlatoLog DEBUG] SubsCheckRho: ConT :,:_563 ≦ ConT :,:_563
[PlatoLog DEBUG] SubsCheck: MetaT 906 ≦ VarT (SkolemTva_904)
[PlatoLog DEBUG] SubsCheckRho: MetaT 906 ≦ VarT (SkolemTva_904)
[PlatoLog DEBUG] SubsCheck: MetaT 907 ≦ VarT (SkolemTvb_905)
[PlatoLog DEBUG] SubsCheckRho: MetaT 907 ≦ VarT (SkolemTvb_905)
[PlatoLog DEBUG] tcRho: VarE x_580
[PlatoLog DEBUG] SubsCheckRho: VarT (SkolemTva_904) ≦ VarT (SkolemTva_904)
[PlatoLog DEBUG] Start type checking of function 'snd_583'
[PlatoLog DEBUG] SubsCheck: AppT AppT ConT :,:_563 MetaT 913 MetaT 914 ≦ AppT AppT ConT :,:_563 VarT (SkolemTva_911) VarT (SkolemTvb_912)
[PlatoLog DEBUG] SubsCheckRho: AppT AppT ConT :,:_563 MetaT 913 MetaT 914 ≦ AppT AppT ConT :,:_563 VarT (SkolemTva_911) VarT (SkolemTvb_912)
[PlatoLog DEBUG] SubsCheckRho: AppT ConT :,:_563 MetaT 913 ≦ AppT ConT :,:_563 VarT (SkolemTva_911)
[PlatoLog DEBUG] SubsCheckRho: ConT :,:_563 ≦ ConT :,:_563
[PlatoLog DEBUG] SubsCheck: MetaT 913 ≦ VarT (SkolemTva_911)
[PlatoLog DEBUG] SubsCheckRho: MetaT 913 ≦ VarT (SkolemTva_911)
[PlatoLog DEBUG] SubsCheck: MetaT 914 ≦ VarT (SkolemTvb_912)
[PlatoLog DEBUG] SubsCheckRho: MetaT 914 ≦ VarT (SkolemTvb_912)
[PlatoLog DEBUG] tcRho: VarE y_592
[PlatoLog DEBUG] SubsCheckRho: VarT (SkolemTvb_912) ≦ VarT (SkolemTvb_912)
[PlatoLog DEBUG] Start type checking of function 'curry_594'
[PlatoLog DEBUG] tcRho: AppE VarE f_606 AppE AppE VarE :,:_565 VarE x_607 VarE y_608
[PlatoLog DEBUG] tcRho: VarE f_606
[PlatoLog DEBUG] tcRho: AppE AppE VarE :,:_565 VarE x_607 VarE y_608
[PlatoLog DEBUG] tcRho: AppE VarE :,:_565 VarE x_607
[PlatoLog DEBUG] tcRho: VarE :,:_565
[PlatoLog DEBUG] tcRho: VarE x_607
[PlatoLog DEBUG] SubsCheckRho: VarT (SkolemTva_918) ≦ MetaT 921
[PlatoLog DEBUG] tcRho: VarE y_608
[PlatoLog DEBUG] SubsCheckRho: VarT (SkolemTvb_919) ≦ MetaT 922
[PlatoLog DEBUG] SubsCheckRho: AppT AppT ConT :,:_563 MetaT 921 MetaT 922 ≦ AppT AppT ConT :,:_563 VarT (SkolemTva_918) VarT (SkolemTvb_919)
[PlatoLog DEBUG] SubsCheckRho: AppT ConT :,:_563 MetaT 921 ≦ AppT ConT :,:_563 VarT (SkolemTva_918)
[PlatoLog DEBUG] SubsCheckRho: ConT :,:_563 ≦ ConT :,:_563
[PlatoLog DEBUG] SubsCheck: MetaT 921 ≦ VarT (SkolemTva_918)
[PlatoLog DEBUG] SubsCheckRho: MetaT 921 ≦ VarT (SkolemTva_918)
[PlatoLog DEBUG] SubsCheck: MetaT 922 ≦ VarT (SkolemTvb_919)
[PlatoLog DEBUG] SubsCheckRho: MetaT 922 ≦ VarT (SkolemTvb_919)
[PlatoLog DEBUG] SubsCheckRho: VarT (SkolemTvc_920) ≦ VarT (SkolemTvc_920)
[PlatoLog DEBUG] Start type checking of function 'uncurry_613'
[PlatoLog DEBUG] SubsCheck: AppT AppT ConT :,:_563 MetaT 929 MetaT 930 ≦ AppT AppT ConT :,:_563 VarT (SkolemTva_926) VarT (SkolemTvb_927)
[PlatoLog DEBUG] SubsCheckRho: AppT AppT ConT :,:_563 MetaT 929 MetaT 930 ≦ AppT AppT ConT :,:_563 VarT (SkolemTva_926) VarT (SkolemTvb_927)
[PlatoLog DEBUG] SubsCheckRho: AppT ConT :,:_563 MetaT 929 ≦ AppT ConT :,:_563 VarT (SkolemTva_926)
[PlatoLog DEBUG] SubsCheckRho: ConT :,:_563 ≦ ConT :,:_563
[PlatoLog DEBUG] SubsCheck: MetaT 929 ≦ VarT (SkolemTva_926)
[PlatoLog DEBUG] SubsCheckRho: MetaT 929 ≦ VarT (SkolemTva_926)
[PlatoLog DEBUG] SubsCheck: MetaT 930 ≦ VarT (SkolemTvb_927)
[PlatoLog DEBUG] SubsCheckRho: MetaT 930 ≦ VarT (SkolemTvb_927)
[PlatoLog DEBUG] tcRho: AppE AppE VarE f_625 VarE x_626 VarE y_628
[PlatoLog DEBUG] tcRho: AppE VarE f_625 VarE x_626
[PlatoLog DEBUG] tcRho: VarE f_625
[PlatoLog DEBUG] tcRho: VarE x_626
[PlatoLog DEBUG] SubsCheckRho: VarT (SkolemTva_926) ≦ VarT (SkolemTva_926)
[PlatoLog DEBUG] tcRho: VarE y_628
[PlatoLog DEBUG] SubsCheckRho: VarT (SkolemTvb_927) ≦ VarT (SkolemTvb_927)
[PlatoLog DEBUG] SubsCheckRho: VarT (SkolemTvc_928) ≦ VarT (SkolemTvc_928)
[PlatoLog DEBUG] Start type checking of function 'swap_632'
[PlatoLog DEBUG] SubsCheck: AppT AppT ConT :,:_563 MetaT 937 MetaT 938 ≦ AppT AppT ConT :,:_563 VarT (SkolemTva_935) VarT (SkolemTvb_936)
[PlatoLog DEBUG] SubsCheckRho: AppT AppT ConT :,:_563 MetaT 937 MetaT 938 ≦ AppT AppT ConT :,:_563 VarT (SkolemTva_935) VarT (SkolemTvb_936)
[PlatoLog DEBUG] SubsCheckRho: AppT ConT :,:_563 MetaT 937 ≦ AppT ConT :,:_563 VarT (SkolemTva_935)
[PlatoLog DEBUG] SubsCheckRho: ConT :,:_563 ≦ ConT :,:_563
[PlatoLog DEBUG] SubsCheck: MetaT 937 ≦ VarT (SkolemTva_935)
[PlatoLog DEBUG] SubsCheckRho: MetaT 937 ≦ VarT (SkolemTva_935)
[PlatoLog DEBUG] SubsCheck: MetaT 938 ≦ VarT (SkolemTvb_936)
[PlatoLog DEBUG] SubsCheckRho: MetaT 938 ≦ VarT (SkolemTvb_936)
[PlatoLog DEBUG] tcRho: AppE AppE VarE :,:_565 VarE y_644 VarE x_642
[PlatoLog DEBUG] tcRho: AppE VarE :,:_565 VarE y_644
[PlatoLog DEBUG] tcRho: VarE :,:_565
[PlatoLog DEBUG] tcRho: VarE y_644
[PlatoLog DEBUG] SubsCheckRho: VarT (SkolemTvb_936) ≦ MetaT 939
[PlatoLog DEBUG] tcRho: VarE x_642
[PlatoLog DEBUG] SubsCheckRho: VarT (SkolemTva_935) ≦ MetaT 940
[PlatoLog DEBUG] SubsCheckRho: AppT AppT ConT :,:_563 MetaT 939 MetaT 940 ≦ AppT AppT ConT :,:_563 VarT (SkolemTvb_936) VarT (SkolemTva_935)
[PlatoLog DEBUG] SubsCheckRho: AppT ConT :,:_563 MetaT 939 ≦ AppT ConT :,:_563 VarT (SkolemTvb_936)
[PlatoLog DEBUG] SubsCheckRho: ConT :,:_563 ≦ ConT :,:_563
[PlatoLog DEBUG] SubsCheck: MetaT 939 ≦ VarT (SkolemTvb_936)
[PlatoLog DEBUG] SubsCheckRho: MetaT 939 ≦ VarT (SkolemTvb_936)
[PlatoLog DEBUG] SubsCheck: MetaT 940 ≦ VarT (SkolemTva_935)
[PlatoLog DEBUG] SubsCheckRho: MetaT 940 ≦ VarT (SkolemTva_935)
[PlatoLog DEBUG] Start type checking of function 'select_0'
[PlatoLog DEBUG] SubsCheck: AppT ConT List_282 MetaT 944 ≦ AppT ConT List_282 ConT Nat_68
[PlatoLog DEBUG] SubsCheckRho: AppT ConT List_282 MetaT 944 ≦ AppT ConT List_282 ConT Nat_68
[PlatoLog DEBUG] SubsCheckRho: ConT List_282 ≦ ConT List_282
[PlatoLog DEBUG] SubsCheck: MetaT 944 ≦ ConT Nat_68
[PlatoLog DEBUG] SubsCheckRho: MetaT 944 ≦ ConT Nat_68
[PlatoLog DEBUG] tcRho: AppE AppE VarE :,:_565 VarE x_9 VarE Nil_284
[PlatoLog DEBUG] tcRho: AppE VarE :,:_565 VarE x_9
[PlatoLog DEBUG] tcRho: VarE :,:_565
[PlatoLog DEBUG] tcRho: VarE x_9
[PlatoLog DEBUG] SubsCheckRho: ConT Nat_68 ≦ MetaT 945
[PlatoLog DEBUG] tcRho: VarE Nil_284
[PlatoLog DEBUG] SubsCheckRho: AllT [((BoundTva_283),StarK)] AppT ConT List_282 VarT (BoundTva_283) ≦ MetaT 946
[PlatoLog DEBUG] SubsCheckRho: AppT ConT List_282 MetaT 947 ≦ MetaT 946
[PlatoLog DEBUG] SubsCheckRho: AppT AppT ConT :,:_563 MetaT 945 MetaT 946 ≦ AppT AppT ConT :,:_563 ConT Nat_68 AppT ConT List_282 ConT Nat_68
[PlatoLog DEBUG] SubsCheckRho: AppT ConT :,:_563 MetaT 945 ≦ AppT ConT :,:_563 ConT Nat_68
[PlatoLog DEBUG] SubsCheckRho: ConT :,:_563 ≦ ConT :,:_563
[PlatoLog DEBUG] SubsCheck: MetaT 945 ≦ ConT Nat_68
[PlatoLog DEBUG] SubsCheckRho: MetaT 945 ≦ ConT Nat_68
[PlatoLog DEBUG] SubsCheck: MetaT 946 ≦ AppT ConT List_282 ConT Nat_68
[PlatoLog DEBUG] SubsCheckRho: MetaT 946 ≦ AppT ConT List_282 ConT Nat_68
[PlatoLog DEBUG] SubsCheck: AppT ConT List_282 MetaT 948 ≦ AppT ConT List_282 ConT Nat_68
[PlatoLog DEBUG] SubsCheckRho: AppT ConT List_282 MetaT 948 ≦ AppT ConT List_282 ConT Nat_68
[PlatoLog DEBUG] SubsCheckRho: ConT List_282 ≦ ConT List_282
[PlatoLog DEBUG] SubsCheck: MetaT 948 ≦ ConT Nat_68
[PlatoLog DEBUG] SubsCheckRho: MetaT 948 ≦ ConT Nat_68
[PlatoLog DEBUG] tcRho: CaseE AppE AppE VarE <=_178 VarE x_15 VarE h_16 [(ConP True_229 [],CaseE AppE AppE VarE select_0 VarE x_15 VarE t_18 [(ConP :,:_565 [VarP j_26,VarP l_28],AppE AppE VarE :,:_565 VarE j_26 AppE AppE VarE ::_287 VarE h_16 VarE l_28)]),(ConP False_231 [],CaseE AppE AppE VarE select_0 VarE h_16 VarE t_18 [(ConP :,:_565 [VarP j_38,VarP l_40],AppE AppE VarE :,:_565 VarE j_38 AppE AppE VarE ::_287 VarE x_15 VarE l_40)])]
[PlatoLog DEBUG] tcRho: AppE AppE VarE <=_178 VarE x_15 VarE h_16
[PlatoLog DEBUG] tcRho: AppE VarE <=_178 VarE x_15
[PlatoLog DEBUG] tcRho: VarE <=_178
[PlatoLog DEBUG] tcRho: VarE x_15
[PlatoLog DEBUG] SubsCheckRho: ConT Nat_68 ≦ ConT Nat_68
[PlatoLog DEBUG] tcRho: VarE h_16
[PlatoLog DEBUG] SubsCheckRho: ConT Nat_68 ≦ ConT Nat_68
[PlatoLog DEBUG] SubsCheck: ConT Bool_228 ≦ ConT Bool_228
[PlatoLog DEBUG] SubsCheckRho: ConT Bool_228 ≦ ConT Bool_228
[PlatoLog DEBUG] tcRho: CaseE AppE AppE VarE select_0 VarE x_15 VarE t_18 [(ConP :,:_565 [VarP j_26,VarP l_28],AppE AppE VarE :,:_565 VarE j_26 AppE AppE VarE ::_287 VarE h_16 VarE l_28)]
[PlatoLog DEBUG] tcRho: AppE AppE VarE select_0 VarE x_15 VarE t_18
[PlatoLog DEBUG] tcRho: AppE VarE select_0 VarE x_15
[PlatoLog DEBUG] tcRho: VarE select_0
[PlatoLog DEBUG] tcRho: VarE x_15
[PlatoLog DEBUG] SubsCheckRho: ConT Nat_68 ≦ ConT Nat_68
[PlatoLog DEBUG] tcRho: VarE t_18
[PlatoLog DEBUG] SubsCheckRho: AppT ConT List_282 ConT Nat_68 ≦ AppT ConT List_282 ConT Nat_68
[PlatoLog DEBUG] SubsCheckRho: ConT List_282 ≦ ConT List_282
[PlatoLog DEBUG] SubsCheck: ConT Nat_68 ≦ ConT Nat_68
[PlatoLog DEBUG] SubsCheckRho: ConT Nat_68 ≦ ConT Nat_68
[PlatoLog DEBUG] SubsCheck: AppT AppT ConT :,:_563 MetaT 949 MetaT 950 ≦ AppT AppT ConT :,:_563 ConT Nat_68 AppT ConT List_282 ConT Nat_68
[PlatoLog DEBUG] SubsCheckRho: AppT AppT ConT :,:_563 MetaT 949 MetaT 950 ≦ AppT AppT ConT :,:_563 ConT Nat_68 AppT ConT List_282 ConT Nat_68
[PlatoLog DEBUG] SubsCheckRho: AppT ConT :,:_563 MetaT 949 ≦ AppT ConT :,:_563 ConT Nat_68
[PlatoLog DEBUG] SubsCheckRho: ConT :,:_563 ≦ ConT :,:_563
[PlatoLog DEBUG] SubsCheck: MetaT 949 ≦ ConT Nat_68
[PlatoLog DEBUG] SubsCheckRho: MetaT 949 ≦ ConT Nat_68
[PlatoLog DEBUG] SubsCheck: MetaT 950 ≦ AppT ConT List_282 ConT Nat_68
[PlatoLog DEBUG] SubsCheckRho: MetaT 950 ≦ AppT ConT List_282 ConT Nat_68
[PlatoLog DEBUG] tcRho: AppE AppE VarE :,:_565 VarE j_26 AppE AppE VarE ::_287 VarE h_16 VarE l_28
[PlatoLog DEBUG] tcRho: AppE VarE :,:_565 VarE j_26
[PlatoLog DEBUG] tcRho: VarE :,:_565
[PlatoLog DEBUG] tcRho: VarE j_26
[PlatoLog DEBUG] SubsCheckRho: ConT Nat_68 ≦ MetaT 951
[PlatoLog DEBUG] tcRho: AppE AppE VarE ::_287 VarE h_16 VarE l_28
[PlatoLog DEBUG] tcRho: AppE VarE ::_287 VarE h_16
[PlatoLog DEBUG] tcRho: VarE ::_287
[PlatoLog DEBUG] tcRho: VarE h_16
[PlatoLog DEBUG] SubsCheckRho: ConT Nat_68 ≦ MetaT 953
[PlatoLog DEBUG] tcRho: VarE l_28
[PlatoLog DEBUG] SubsCheckRho: AppT ConT List_282 ConT Nat_68 ≦ AppT ConT List_282 MetaT 953
[PlatoLog DEBUG] SubsCheckRho: ConT List_282 ≦ ConT List_282
[PlatoLog DEBUG] SubsCheck: ConT Nat_68 ≦ MetaT 953
[PlatoLog DEBUG] SubsCheckRho: ConT Nat_68 ≦ MetaT 953
[PlatoLog DEBUG] SubsCheckRho: AppT ConT List_282 MetaT 953 ≦ MetaT 952
[PlatoLog DEBUG] SubsCheckRho: AppT AppT ConT :,:_563 MetaT 951 MetaT 952 ≦ AppT AppT ConT :,:_563 ConT Nat_68 AppT ConT List_282 ConT Nat_68
[PlatoLog DEBUG] SubsCheckRho: AppT ConT :,:_563 MetaT 951 ≦ AppT ConT :,:_563 ConT Nat_68
[PlatoLog DEBUG] SubsCheckRho: ConT :,:_563 ≦ ConT :,:_563
[PlatoLog DEBUG] SubsCheck: MetaT 951 ≦ ConT Nat_68
[PlatoLog DEBUG] SubsCheckRho: MetaT 951 ≦ ConT Nat_68
[PlatoLog DEBUG] SubsCheck: MetaT 952 ≦ AppT ConT List_282 ConT Nat_68
[PlatoLog DEBUG] SubsCheckRho: MetaT 952 ≦ AppT ConT List_282 ConT Nat_68
[PlatoLog DEBUG] SubsCheck: ConT Bool_228 ≦ ConT Bool_228
[PlatoLog DEBUG] SubsCheckRho: ConT Bool_228 ≦ ConT Bool_228
[PlatoLog DEBUG] tcRho: CaseE AppE AppE VarE select_0 VarE h_16 VarE t_18 [(ConP :,:_565 [VarP j_38,VarP l_40],AppE AppE VarE :,:_565 VarE j_38 AppE AppE VarE ::_287 VarE x_15 VarE l_40)]
[PlatoLog DEBUG] tcRho: AppE AppE VarE select_0 VarE h_16 VarE t_18
[PlatoLog DEBUG] tcRho: AppE VarE select_0 VarE h_16
[PlatoLog DEBUG] tcRho: VarE select_0
[PlatoLog DEBUG] tcRho: VarE h_16
[PlatoLog DEBUG] SubsCheckRho: ConT Nat_68 ≦ ConT Nat_68
[PlatoLog DEBUG] tcRho: VarE t_18
[PlatoLog DEBUG] SubsCheckRho: AppT ConT List_282 ConT Nat_68 ≦ AppT ConT List_282 ConT Nat_68
[PlatoLog DEBUG] SubsCheckRho: ConT List_282 ≦ ConT List_282
[PlatoLog DEBUG] SubsCheck: ConT Nat_68 ≦ ConT Nat_68
[PlatoLog DEBUG] SubsCheckRho: ConT Nat_68 ≦ ConT Nat_68
[PlatoLog DEBUG] SubsCheck: AppT AppT ConT :,:_563 MetaT 954 MetaT 955 ≦ AppT AppT ConT :,:_563 ConT Nat_68 AppT ConT List_282 ConT Nat_68
[PlatoLog DEBUG] SubsCheckRho: AppT AppT ConT :,:_563 MetaT 954 MetaT 955 ≦ AppT AppT ConT :,:_563 ConT Nat_68 AppT ConT List_282 ConT Nat_68
[PlatoLog DEBUG] SubsCheckRho: AppT ConT :,:_563 MetaT 954 ≦ AppT ConT :,:_563 ConT Nat_68
[PlatoLog DEBUG] SubsCheckRho: ConT :,:_563 ≦ ConT :,:_563
[PlatoLog DEBUG] SubsCheck: MetaT 954 ≦ ConT Nat_68
[PlatoLog DEBUG] SubsCheckRho: MetaT 954 ≦ ConT Nat_68
[PlatoLog DEBUG] SubsCheck: MetaT 955 ≦ AppT ConT List_282 ConT Nat_68
[PlatoLog DEBUG] SubsCheckRho: MetaT 955 ≦ AppT ConT List_282 ConT Nat_68
[PlatoLog DEBUG] tcRho: AppE AppE VarE :,:_565 VarE j_38 AppE AppE VarE ::_287 VarE x_15 VarE l_40
[PlatoLog DEBUG] tcRho: AppE VarE :,:_565 VarE j_38
[PlatoLog DEBUG] tcRho: VarE :,:_565
[PlatoLog DEBUG] tcRho: VarE j_38
[PlatoLog DEBUG] SubsCheckRho: ConT Nat_68 ≦ MetaT 956
[PlatoLog DEBUG] tcRho: AppE AppE VarE ::_287 VarE x_15 VarE l_40
[PlatoLog DEBUG] tcRho: AppE VarE ::_287 VarE x_15
[PlatoLog DEBUG] tcRho: VarE ::_287
[PlatoLog DEBUG] tcRho: VarE x_15
[PlatoLog DEBUG] SubsCheckRho: ConT Nat_68 ≦ MetaT 958
[PlatoLog DEBUG] tcRho: VarE l_40
[PlatoLog DEBUG] SubsCheckRho: AppT ConT List_282 ConT Nat_68 ≦ AppT ConT List_282 MetaT 958
[PlatoLog DEBUG] SubsCheckRho: ConT List_282 ≦ ConT List_282
[PlatoLog DEBUG] SubsCheck: ConT Nat_68 ≦ MetaT 958
[PlatoLog DEBUG] SubsCheckRho: ConT Nat_68 ≦ MetaT 958
[PlatoLog DEBUG] SubsCheckRho: AppT ConT List_282 MetaT 958 ≦ MetaT 957
[PlatoLog DEBUG] SubsCheckRho: AppT AppT ConT :,:_563 MetaT 956 MetaT 957 ≦ AppT AppT ConT :,:_563 ConT Nat_68 AppT ConT List_282 ConT Nat_68
[PlatoLog DEBUG] SubsCheckRho: AppT ConT :,:_563 MetaT 956 ≦ AppT ConT :,:_563 ConT Nat_68
[PlatoLog DEBUG] SubsCheckRho: ConT :,:_563 ≦ ConT :,:_563
[PlatoLog DEBUG] SubsCheck: MetaT 956 ≦ ConT Nat_68
[PlatoLog DEBUG] SubsCheckRho: MetaT 956 ≦ ConT Nat_68
[PlatoLog DEBUG] SubsCheck: MetaT 957 ≦ AppT ConT List_282 ConT Nat_68
[PlatoLog DEBUG] SubsCheckRho: MetaT 957 ≦ AppT ConT List_282 ConT Nat_68
[PlatoLog DEBUG] Start type checking of function 'selsort_46'
[PlatoLog DEBUG] SubsCheck: AppT ConT List_282 MetaT 963 ≦ AppT ConT List_282 ConT Nat_68
[PlatoLog DEBUG] SubsCheckRho: AppT ConT List_282 MetaT 963 ≦ AppT ConT List_282 ConT Nat_68
[PlatoLog DEBUG] SubsCheckRho: ConT List_282 ≦ ConT List_282
[PlatoLog DEBUG] SubsCheck: MetaT 963 ≦ ConT Nat_68
[PlatoLog DEBUG] SubsCheckRho: MetaT 963 ≦ ConT Nat_68
[PlatoLog DEBUG] tcRho: VarE Nil_284
[PlatoLog DEBUG] SubsCheckRho: AllT [((BoundTva_283),StarK)] AppT ConT List_282 VarT (BoundTva_283) ≦ AppT ConT List_282 ConT Nat_68
[PlatoLog DEBUG] SubsCheckRho: AppT ConT List_282 MetaT 964 ≦ AppT ConT List_282 ConT Nat_68
[PlatoLog DEBUG] SubsCheckRho: ConT List_282 ≦ ConT List_282
[PlatoLog DEBUG] SubsCheck: MetaT 964 ≦ ConT Nat_68
[PlatoLog DEBUG] SubsCheckRho: MetaT 964 ≦ ConT Nat_68
[PlatoLog DEBUG] SubsCheck: AppT ConT List_282 MetaT 965 ≦ AppT ConT List_282 ConT Nat_68
[PlatoLog DEBUG] SubsCheckRho: AppT ConT List_282 MetaT 965 ≦ AppT ConT List_282 ConT Nat_68
[PlatoLog DEBUG] SubsCheckRho: ConT List_282 ≦ ConT List_282
[PlatoLog DEBUG] SubsCheck: MetaT 965 ≦ ConT Nat_68
[PlatoLog DEBUG] SubsCheckRho: MetaT 965 ≦ ConT Nat_68
[PlatoLog DEBUG] tcRho: CaseE AppE AppE VarE select_0 VarE x_55 VarE r_57 [(ConP :,:_565 [VarP y_61,VarP r_63],AppE AppE VarE ::_287 VarE y_61 AppE VarE selsort_46 VarE r_63)]
[PlatoLog DEBUG] tcRho: AppE AppE VarE select_0 VarE x_55 VarE r_57
[PlatoLog DEBUG] tcRho: AppE VarE select_0 VarE x_55
[PlatoLog DEBUG] tcRho: VarE select_0
[PlatoLog DEBUG] tcRho: VarE x_55
[PlatoLog DEBUG] SubsCheckRho: ConT Nat_68 ≦ ConT Nat_68
[PlatoLog DEBUG] tcRho: VarE r_57
[PlatoLog DEBUG] SubsCheckRho: AppT ConT List_282 ConT Nat_68 ≦ AppT ConT List_282 ConT Nat_68
[PlatoLog DEBUG] SubsCheckRho: ConT List_282 ≦ ConT List_282
[PlatoLog DEBUG] SubsCheck: ConT Nat_68 ≦ ConT Nat_68
[PlatoLog DEBUG] SubsCheckRho: ConT Nat_68 ≦ ConT Nat_68
[PlatoLog DEBUG] SubsCheck: AppT AppT ConT :,:_563 MetaT 966 MetaT 967 ≦ AppT AppT ConT :,:_563 ConT Nat_68 AppT ConT List_282 ConT Nat_68
[PlatoLog DEBUG] SubsCheckRho: AppT AppT ConT :,:_563 MetaT 966 MetaT 967 ≦ AppT AppT ConT :,:_563 ConT Nat_68 AppT ConT List_282 ConT Nat_68
[PlatoLog DEBUG] SubsCheckRho: AppT ConT :,:_563 MetaT 966 ≦ AppT ConT :,:_563 ConT Nat_68
[PlatoLog DEBUG] SubsCheckRho: ConT :,:_563 ≦ ConT :,:_563
[PlatoLog DEBUG] SubsCheck: MetaT 966 ≦ ConT Nat_68
[PlatoLog DEBUG] SubsCheckRho: MetaT 966 ≦ ConT Nat_68
[PlatoLog DEBUG] SubsCheck: MetaT 967 ≦ AppT ConT List_282 ConT Nat_68
[PlatoLog DEBUG] SubsCheckRho: MetaT 967 ≦ AppT ConT List_282 ConT Nat_68
[PlatoLog DEBUG] tcRho: AppE AppE VarE ::_287 VarE y_61 AppE VarE selsort_46 VarE r_63
[PlatoLog DEBUG] tcRho: AppE VarE ::_287 VarE y_61
[PlatoLog DEBUG] tcRho: VarE ::_287
[PlatoLog DEBUG] tcRho: VarE y_61
[PlatoLog DEBUG] SubsCheckRho: ConT Nat_68 ≦ MetaT 968
[PlatoLog DEBUG] tcRho: AppE VarE selsort_46 VarE r_63
[PlatoLog DEBUG] tcRho: VarE selsort_46
[PlatoLog DEBUG] tcRho: VarE r_63
[PlatoLog DEBUG] SubsCheckRho: AppT ConT List_282 ConT Nat_68 ≦ AppT ConT List_282 ConT Nat_68
[PlatoLog DEBUG] SubsCheckRho: ConT List_282 ≦ ConT List_282
[PlatoLog DEBUG] SubsCheck: ConT Nat_68 ≦ ConT Nat_68
[PlatoLog DEBUG] SubsCheckRho: ConT Nat_68 ≦ ConT Nat_68
[PlatoLog DEBUG] SubsCheckRho: AppT ConT List_282 ConT Nat_68 ≦ AppT ConT List_282 MetaT 968
[PlatoLog DEBUG] SubsCheckRho: ConT List_282 ≦ ConT List_282
[PlatoLog DEBUG] SubsCheck: ConT Nat_68 ≦ MetaT 968
[PlatoLog DEBUG] SubsCheckRho: ConT Nat_68 ≦ MetaT 968
[PlatoLog DEBUG] SubsCheckRho: AppT ConT List_282 MetaT 968 ≦ AppT ConT List_282 ConT Nat_68
[PlatoLog DEBUG] SubsCheckRho: ConT List_282 ≦ ConT List_282
[PlatoLog DEBUG] SubsCheck: MetaT 968 ≦ ConT Nat_68
[PlatoLog DEBUG] SubsCheckRho: MetaT 968 ≦ ConT Nat_68
